2023-08-24T09:35:50.426+05:00  INFO 4172 --- [main] c.springboot.mapping.MappingApplication  : Starting MappingApplication using Java 17.0.8 with PID 4172 (C:\Users\sami.ahmad\Downloads\workspaces\mapping\target\classes started by sami.ahmad in C:\Users\sami.ahmad\Downloads\workspaces\mapping)
2023-08-24T09:35:50.429+05:00  INFO 4172 --- [main] c.springboot.mapping.MappingApplication  : No active profile set, falling back to 1 default profile: "default"
2023-08-24T09:35:51.432+05:00  INFO 4172 --- [main] .s.d.r.c.RepositoryConfigurationDelegate : Bootstrapping Spring Data JPA repositories in DEFAULT mode.
2023-08-24T09:35:51.490+05:00  INFO 4172 --- [main] .s.d.r.c.RepositoryConfigurationDelegate : Finished Spring Data repository scanning in 50 ms. Found 1 JPA repository interfaces.
2023-08-24T09:35:52.133+05:00  INFO 4172 --- [main] o.s.b.w.embedded.tomcat.TomcatWebServer  : Tomcat initialized with port(s): 8080 (http)
2023-08-24T09:35:52.144+05:00  INFO 4172 --- [main] o.apache.catalina.core.StandardService   : Starting service [Tomcat]
2023-08-24T09:35:52.144+05:00  INFO 4172 --- [main] o.apache.catalina.core.StandardEngine    : Starting Servlet engine: [Apache Tomcat/10.1.11]
2023-08-24T09:35:52.239+05:00  INFO 4172 --- [main] o.a.c.c.C.[Tomcat].[localhost].[/]       : Initializing Spring embedded WebApplicationContext
2023-08-24T09:35:52.239+05:00  INFO 4172 --- [main] w.s.c.ServletWebServerApplicationContext : Root WebApplicationContext: initialization completed in 1755 ms
2023-08-24T09:35:52.348+05:00  INFO 4172 --- [main] com.zaxxer.hikari.HikariDataSource       : HikariPool-1 - Starting...
2023-08-24T09:35:52.561+05:00  INFO 4172 --- [main] com.zaxxer.hikari.pool.HikariPool        : HikariPool-1 - Added connection conn0: url=jdbc:h2:mem:testDB user=SA
2023-08-24T09:35:52.563+05:00  INFO 4172 --- [main] com.zaxxer.hikari.HikariDataSource       : HikariPool-1 - Start completed.
2023-08-24T09:35:52.574+05:00  INFO 4172 --- [main] o.s.b.a.h2.H2ConsoleAutoConfiguration    : H2 console available at '/h2-console'. Database available at 'jdbc:h2:mem:testDB'
2023-08-24T09:35:52.787+05:00  INFO 4172 --- [main] liquibase.database                       : Set default schema name to PUBLIC
2023-08-24T09:35:53.208+05:00  INFO 4172 --- [main] liquibase.executor                       : Changelog query completed.
2023-08-24T09:35:53.212+05:00  INFO 4172 --- [main] liquibase.executor                       : Changelog query completed.
2023-08-24T09:35:53.217+05:00  INFO 4172 --- [main] liquibase.executor                       : Changelog query completed.
2023-08-24T09:35:53.220+05:00  INFO 4172 --- [main] liquibase.executor                       : Changelog query completed.
2023-08-24T09:35:53.225+05:00  INFO 4172 --- [main] liquibase.executor                       : Changelog query completed.
2023-08-24T09:35:53.226+05:00  INFO 4172 --- [main] liquibase.lockservice                    : Successfully acquired change log lock
2023-08-24T09:35:53.243+05:00  INFO 4172 --- [main] liquibase.changelog                      : Creating database history table with name: PUBLIC.DATABASECHANGELOG
2023-08-24T09:35:53.247+05:00  INFO 4172 --- [main] liquibase.executor                       : Changelog query completed.
2023-08-24T09:35:53.248+05:00  INFO 4172 --- [main] liquibase.changelog                      : Reading from PUBLIC.DATABASECHANGELOG
2023-08-24T09:35:53.251+05:00  INFO 4172 --- [main] liquibase.executor                       : Changelog query completed.
2023-08-24T09:35:53.252+05:00  INFO 4172 --- [main] liquibase.executor                       : Changelog query completed.
2023-08-24T09:35:53.288+05:00  INFO 4172 --- [main] liquibase.changelog                      : Table teacher created
2023-08-24T09:35:53.290+05:00  INFO 4172 --- [main] liquibase.changelog                      : Primary key added to teacher (id)
2023-08-24T09:35:53.291+05:00  INFO 4172 --- [main] liquibase.changelog                      : ChangeSet db/changelog/db.changelog-schema-0.0.1.yaml::schema-0.0.1::teacher team ran successfully in 5ms
2023-08-24T09:35:53.295+05:00  INFO 4172 --- [main] liquibase.executor                       : Changelog query completed.
2023-08-24T09:35:53.296+05:00  INFO 4172 --- [main] liquibase.executor                       : Changelog query completed.
2023-08-24T09:35:53.299+05:00  INFO 4172 --- [main] liquibase.changelog                      : New row inserted into teacher
2023-08-24T09:35:53.300+05:00  INFO 4172 --- [main] liquibase.changelog                      : New row inserted into teacher
2023-08-24T09:35:53.301+05:00  INFO 4172 --- [main] liquibase.changelog                      : New row inserted into teacher
2023-08-24T09:35:53.302+05:00  INFO 4172 --- [main] liquibase.changelog                      : ChangeSet db/changelog/db.changelog-data-0.0.1.yaml::data-0.0.1::teacher team ran successfully in 4ms
2023-08-24T09:35:53.303+05:00  INFO 4172 --- [main] liquibase.executor                       : Changelog query completed.
2023-08-24T09:35:53.304+05:00  INFO 4172 --- [main] liquibase                                : Update command completed successfully.
2023-08-24T09:35:53.306+05:00  INFO 4172 --- [main] liquibase.executor                       : Changelog query completed.
2023-08-24T09:35:53.307+05:00  INFO 4172 --- [main] liquibase.lockservice                    : Successfully released change log lock
2023-08-24T09:35:53.398+05:00  INFO 4172 --- [main] o.hibernate.jpa.internal.util.LogHelper  : HHH000204: Processing PersistenceUnitInfo [name: default]
2023-08-24T09:35:53.500+05:00  INFO 4172 --- [main] org.hibernate.Version                    : HHH000412: Hibernate ORM core version 6.2.6.Final
2023-08-24T09:35:53.505+05:00  INFO 4172 --- [main] org.hibernate.cfg.Environment            : HHH000406: Using bytecode reflection optimizer
2023-08-24T09:35:53.676+05:00  INFO 4172 --- [main] o.h.b.i.BytecodeProviderInitiator        : HHH000021: Bytecode provider name : bytebuddy
2023-08-24T09:35:53.833+05:00  INFO 4172 --- [main] o.s.o.j.p.SpringPersistenceUnitInfo      : No LoadTimeWeaver setup: ignoring JPA class transformer
2023-08-24T09:35:54.082+05:00  INFO 4172 --- [main] o.h.b.i.BytecodeProviderInitiator        : HHH000021: Bytecode provider name : bytebuddy
2023-08-24T09:35:54.700+05:00  INFO 4172 --- [main] o.h.e.t.j.p.i.JtaPlatformInitiator       : HHH000490: Using JtaPlatform implementation: [org.hibernate.engine.transaction.jta.platform.internal.NoJtaPlatform]
2023-08-24T09:35:54.705+05:00  INFO 4172 --- [main] j.LocalContainerEntityManagerFactoryBean : Initialized JPA EntityManagerFactory for persistence unit 'default'
2023-08-24T09:35:55.138+05:00  INFO 4172 --- [main] o.s.b.a.w.s.WelcomePageHandlerMapping    : Adding welcome page: class path resource [static/index.html]
2023-08-24T09:35:55.401+05:00  INFO 4172 --- [main] o.s.b.a.e.web.EndpointLinksResolver      : Exposing 1 endpoint(s) beneath base path '/actuator'
2023-08-24T09:35:55.487+05:00  INFO 4172 --- [main] o.s.b.w.embedded.tomcat.TomcatWebServer  : Tomcat started on port(s): 8080 (http) with context path ''
2023-08-24T09:35:55.505+05:00  INFO 4172 --- [main] c.springboot.mapping.MappingApplication  : Started MappingApplication in 5.788 seconds (process running for 6.254)
2023-08-24T09:36:03.006+05:00  INFO 4172 --- [SpringApplicationShutdownHook] j.LocalContainerEntityManagerFactoryBean : Closing JPA EntityManagerFactory for persistence unit 'default'
2023-08-24T09:36:03.010+05:00  INFO 4172 --- [SpringApplicationShutdownHook] com.zaxxer.hikari.HikariDataSource       : HikariPool-1 - Shutdown initiated...
2023-08-24T09:36:03.014+05:00  INFO 4172 --- [SpringApplicationShutdownHook] com.zaxxer.hikari.HikariDataSource       : HikariPool-1 - Shutdown completed.
