2023-08-28T11:01:03.785+05:00  INFO 2328 --- [main] c.s.mapping.MappingApplicationTests      : Starting MappingApplicationTests using Java 17.0.8 with PID 2328 (started by sami.ahmad in C:\Users\sami.ahmad\Downloads\workspaces\mapping)
2023-08-28T11:01:03.786+05:00 DEBUG 2328 --- [main] c.s.mapping.MappingApplicationTests      : Running with Spring Boot v3.1.2, Spring v6.0.11
2023-08-28T11:01:03.787+05:00  INFO 2328 --- [main] c.s.mapping.MappingApplicationTests      : No active profile set, falling back to 1 default profile: "default"
2023-08-28T11:01:04.828+05:00  INFO 2328 --- [main] .s.d.r.c.RepositoryConfigurationDelegate : Bootstrapping Spring Data JPA repositories in DEFAULT mode.
2023-08-28T11:01:04.890+05:00  INFO 2328 --- [main] .s.d.r.c.RepositoryConfigurationDelegate : Finished Spring Data repository scanning in 51 ms. Found 2 JPA repository interfaces.
2023-08-28T11:01:05.479+05:00  INFO 2328 --- [main] com.zaxxer.hikari.HikariDataSource       : HikariPool-1 - Starting...
2023-08-28T11:01:05.696+05:00  INFO 2328 --- [main] com.zaxxer.hikari.pool.HikariPool        : HikariPool-1 - Added connection conn0: url=jdbc:h2:mem:testDB user=SA
2023-08-28T11:01:05.698+05:00  INFO 2328 --- [main] com.zaxxer.hikari.HikariDataSource       : HikariPool-1 - Start completed.
2023-08-28T11:01:05.783+05:00  INFO 2328 --- [main] liquibase.database                       : Set default schema name to PUBLIC
2023-08-28T11:01:06.332+05:00  INFO 2328 --- [main] liquibase.executor                       : Changelog query completed.
2023-08-28T11:01:06.335+05:00  INFO 2328 --- [main] liquibase.executor                       : Changelog query completed.
2023-08-28T11:01:06.340+05:00  INFO 2328 --- [main] liquibase.executor                       : Changelog query completed.
2023-08-28T11:01:06.343+05:00  INFO 2328 --- [main] liquibase.executor                       : Changelog query completed.
2023-08-28T11:01:06.349+05:00  INFO 2328 --- [main] liquibase.executor                       : Changelog query completed.
2023-08-28T11:01:06.350+05:00  INFO 2328 --- [main] liquibase.lockservice                    : Successfully acquired change log lock
2023-08-28T11:01:06.365+05:00  INFO 2328 --- [main] liquibase.changelog                      : Creating database history table with name: PUBLIC.DATABASECHANGELOG
2023-08-28T11:01:06.369+05:00  INFO 2328 --- [main] liquibase.executor                       : Changelog query completed.
2023-08-28T11:01:06.370+05:00  INFO 2328 --- [main] liquibase.changelog                      : Reading from PUBLIC.DATABASECHANGELOG
2023-08-28T11:01:06.373+05:00  INFO 2328 --- [main] liquibase.executor                       : Changelog query completed.
2023-08-28T11:01:06.374+05:00  INFO 2328 --- [main] liquibase.executor                       : Changelog query completed.
2023-08-28T11:01:06.423+05:00  INFO 2328 --- [main] liquibase.changelog                      : Table teacher created
2023-08-28T11:01:06.425+05:00  INFO 2328 --- [main] liquibase.changelog                      : Primary key added to teacher (id)
2023-08-28T11:01:06.426+05:00  INFO 2328 --- [main] liquibase.changelog                      : ChangeSet db/changelog/db.changelog-schema-0.0.1.yaml::schema-0.0.1::teacher team ran successfully in 5ms
2023-08-28T11:01:06.432+05:00  INFO 2328 --- [main] liquibase.executor                       : Changelog query completed.
2023-08-28T11:01:06.435+05:00  INFO 2328 --- [main] liquibase.executor                       : Changelog query completed.
2023-08-28T11:01:06.438+05:00  INFO 2328 --- [main] liquibase.changelog                      : New row inserted into teacher
2023-08-28T11:01:06.439+05:00  INFO 2328 --- [main] liquibase.changelog                      : New row inserted into teacher
2023-08-28T11:01:06.440+05:00  INFO 2328 --- [main] liquibase.changelog                      : New row inserted into teacher
2023-08-28T11:01:06.441+05:00  INFO 2328 --- [main] liquibase.changelog                      : ChangeSet db/changelog/db.changelog-data-0.0.1.yaml::data-0.0.1::teacher team ran successfully in 3ms
2023-08-28T11:01:06.442+05:00  INFO 2328 --- [main] liquibase.executor                       : Changelog query completed.
2023-08-28T11:01:06.446+05:00  INFO 2328 --- [main] liquibase.changelog                      : Table users created
2023-08-28T11:01:06.447+05:00  INFO 2328 --- [main] liquibase.changelog                      : Primary key added to users (id)
2023-08-28T11:01:06.450+05:00  INFO 2328 --- [main] liquibase.changelog                      : Unique constraint added to users(user_name)
2023-08-28T11:01:06.451+05:00  INFO 2328 --- [main] liquibase.changelog                      : ChangeSet db/changelog/db.changelog-schema-0.0.2.yaml::schema-0.0.2::teacher team ran successfully in 8ms
2023-08-28T11:01:06.452+05:00  INFO 2328 --- [main] liquibase.executor                       : Changelog query completed.
2023-08-28T11:01:06.456+05:00  INFO 2328 --- [main] liquibase.changelog                      : New row inserted into users
2023-08-28T11:01:06.457+05:00  INFO 2328 --- [main] liquibase.changelog                      : New row inserted into users
2023-08-28T11:01:06.458+05:00  INFO 2328 --- [main] liquibase.changelog                      : ChangeSet db/changelog/db.changelog-data-0.0.2.yaml::data-0.0.2::news team ran successfully in 4ms
2023-08-28T11:01:06.462+05:00  INFO 2328 --- [main] liquibase.executor                       : Changelog query completed.
2023-08-28T11:01:06.464+05:00  INFO 2328 --- [main] liquibase                                : Update command completed successfully.
2023-08-28T11:01:06.466+05:00  INFO 2328 --- [main] liquibase.executor                       : Changelog query completed.
2023-08-28T11:01:06.467+05:00  INFO 2328 --- [main] liquibase.lockservice                    : Successfully released change log lock
2023-08-28T11:01:06.597+05:00  INFO 2328 --- [main] o.hibernate.jpa.internal.util.LogHelper  : HHH000204: Processing PersistenceUnitInfo [name: default]
2023-08-28T11:01:06.689+05:00  INFO 2328 --- [main] org.hibernate.Version                    : HHH000412: Hibernate ORM core version 6.2.6.Final
2023-08-28T11:01:06.692+05:00  INFO 2328 --- [main] org.hibernate.cfg.Environment            : HHH000406: Using bytecode reflection optimizer
2023-08-28T11:01:06.863+05:00  INFO 2328 --- [main] o.h.b.i.BytecodeProviderInitiator        : HHH000021: Bytecode provider name : bytebuddy
2023-08-28T11:01:07.014+05:00  INFO 2328 --- [main] o.s.o.j.p.SpringPersistenceUnitInfo      : No LoadTimeWeaver setup: ignoring JPA class transformer
2023-08-28T11:01:07.258+05:00  INFO 2328 --- [main] o.h.b.i.BytecodeProviderInitiator        : HHH000021: Bytecode provider name : bytebuddy
2023-08-28T11:01:07.908+05:00  INFO 2328 --- [main] o.h.e.t.j.p.i.JtaPlatformInitiator       : HHH000490: Using JtaPlatform implementation: [org.hibernate.engine.transaction.jta.platform.internal.NoJtaPlatform]
2023-08-28T11:01:07.912+05:00  INFO 2328 --- [main] j.LocalContainerEntityManagerFactoryBean : Initialized JPA EntityManagerFactory for persistence unit 'default'
2023-08-28T11:01:08.359+05:00  INFO 2328 --- [main] o.s.d.j.r.query.QueryEnhancerFactory     : Hibernate is in classpath; If applicable, HQL parser will be used.
2023-08-28T11:01:09.008+05:00  INFO 2328 --- [main] o.s.s.web.DefaultSecurityFilterChain     : Will secure any request with [org.springframework.security.web.session.DisableEncodeUrlFilter@72187492, org.springframework.security.web.context.request.async.WebAsyncManagerIntegrationFilter@3ba55a6b, org.springframework.security.web.context.SecurityContextHolderFilter@3c22a99a, org.springframework.security.web.header.HeaderWriterFilter@6f272dc4, org.springframework.security.web.csrf.CsrfFilter@2cd6112b, org.springframework.security.web.authentication.logout.LogoutFilter@18a66406, org.springframework.security.web.savedrequest.RequestCacheAwareFilter@412b90cc, org.springframework.security.web.servletapi.SecurityContextHolderAwareRequestFilter@6232cde5, org.springframework.security.web.authentication.AnonymousAuthenticationFilter@5b20024b, org.springframework.security.web.access.ExceptionTranslationFilter@376b6d7d]
2023-08-28T11:01:09.378+05:00  INFO 2328 --- [main] o.s.b.a.w.s.WelcomePageHandlerMapping    : Adding welcome page: class path resource [static/index.html]
2023-08-28T11:01:09.767+05:00  INFO 2328 --- [main] o.s.b.a.h2.H2ConsoleAutoConfiguration    : H2 console available at '/h2-console'. Database available at 'jdbc:h2:mem:testDB'
2023-08-28T11:01:09.795+05:00  WARN 2328 --- [main] o.s.s.c.a.web.builders.WebSecurity       : You are asking Spring Security to ignore Ant [pattern='/actuator', GET]. This is not recommended -- please use permitAll via HttpSecurity#authorizeHttpRequests instead.
2023-08-28T11:01:09.796+05:00  INFO 2328 --- [main] o.s.s.web.DefaultSecurityFilterChain     : Will not secure Ant [pattern='/actuator', GET]
2023-08-28T11:01:09.852+05:00  INFO 2328 --- [main] o.s.b.t.m.w.SpringBootMockServletContext : Initializing Spring TestDispatcherServlet ''
2023-08-28T11:01:09.853+05:00  INFO 2328 --- [main] o.s.t.web.servlet.TestDispatcherServlet  : Initializing Servlet ''
2023-08-28T11:01:09.861+05:00  INFO 2328 --- [main] o.s.b.a.e.web.EndpointLinksResolver      : Exposing 1 endpoint(s) beneath base path '/actuator'
2023-08-28T11:01:09.882+05:00  INFO 2328 --- [main] o.s.t.web.servlet.TestDispatcherServlet  : Completed initialization in 29 ms
2023-08-28T11:01:09.946+05:00  INFO 2328 --- [main] c.s.mapping.MappingApplicationTests      : Started MappingApplicationTests in 6.615 seconds (process running for 7.786)
2023-08-28T11:01:10.609+05:00  INFO 2328 --- [main] t.c.s.AnnotationConfigContextLoaderUtils : Could not detect default configuration classes for test class [com.springboot.mapping.teacher.TeacherControllerTest]: TeacherControllerTest does not declare any static, non-private, non-final, nested classes annotated with @Configuration.
2023-08-28T11:01:10.623+05:00  INFO 2328 --- [main] .b.t.c.SpringBootTestContextBootstrapper : Found @SpringBootConfiguration com.springboot.mapping.MappingApplication for test class com.springboot.mapping.teacher.TeacherControllerTest
2023-08-28T11:01:10.707+05:00  INFO 2328 --- [main] c.s.m.teacher.TeacherControllerTest      : Starting TeacherControllerTest using Java 17.0.8 with PID 2328 (started by sami.ahmad in C:\Users\sami.ahmad\Downloads\workspaces\mapping)
2023-08-28T11:01:10.708+05:00 DEBUG 2328 --- [main] c.s.m.teacher.TeacherControllerTest      : Running with Spring Boot v3.1.2, Spring v6.0.11
2023-08-28T11:01:10.708+05:00  INFO 2328 --- [main] c.s.m.teacher.TeacherControllerTest      : No active profile set, falling back to 1 default profile: "default"
2023-08-28T11:01:11.095+05:00  INFO 2328 --- [main] .s.d.r.c.RepositoryConfigurationDelegate : Bootstrapping Spring Data JPA repositories in DEFAULT mode.
2023-08-28T11:01:11.105+05:00  INFO 2328 --- [main] .s.d.r.c.RepositoryConfigurationDelegate : Finished Spring Data repository scanning in 9 ms. Found 2 JPA repository interfaces.
2023-08-28T11:01:11.507+05:00  INFO 2328 --- [main] com.zaxxer.hikari.HikariDataSource       : HikariPool-2 - Starting...
2023-08-28T11:01:11.508+05:00  INFO 2328 --- [main] com.zaxxer.hikari.pool.HikariPool        : HikariPool-2 - Added connection conn10: url=jdbc:h2:mem:testDB user=SA
2023-08-28T11:01:11.509+05:00  INFO 2328 --- [main] com.zaxxer.hikari.HikariDataSource       : HikariPool-2 - Start completed.
2023-08-28T11:01:11.510+05:00  INFO 2328 --- [main] liquibase.database                       : Set default schema name to PUBLIC
2023-08-28T11:01:11.561+05:00  INFO 2328 --- [main] liquibase.changelog                      : Reading from PUBLIC.DATABASECHANGELOG
2023-08-28T11:01:11.572+05:00  INFO 2328 --- [main] liquibase.executor                       : Changelog query completed.
2023-08-28T11:01:11.647+05:00  INFO 2328 --- [main] o.hibernate.jpa.internal.util.LogHelper  : HHH000204: Processing PersistenceUnitInfo [name: default]
2023-08-28T11:01:11.666+05:00  INFO 2328 --- [main] o.h.b.i.BytecodeProviderInitiator        : HHH000021: Bytecode provider name : bytebuddy
2023-08-28T11:01:11.666+05:00  INFO 2328 --- [main] o.s.o.j.p.SpringPersistenceUnitInfo      : No LoadTimeWeaver setup: ignoring JPA class transformer
2023-08-28T11:01:11.680+05:00  INFO 2328 --- [main] o.h.b.i.BytecodeProviderInitiator        : HHH000021: Bytecode provider name : bytebuddy
2023-08-28T11:01:11.739+05:00  INFO 2328 --- [main] o.h.e.t.j.p.i.JtaPlatformInitiator       : HHH000490: Using JtaPlatform implementation: [org.hibernate.engine.transaction.jta.platform.internal.NoJtaPlatform]
2023-08-28T11:01:11.742+05:00  INFO 2328 --- [main] j.LocalContainerEntityManagerFactoryBean : Initialized JPA EntityManagerFactory for persistence unit 'default'
2023-08-28T11:01:12.068+05:00  INFO 2328 --- [main] o.s.s.web.DefaultSecurityFilterChain     : Will secure any request with [org.springframework.security.web.session.DisableEncodeUrlFilter@7fdef973, org.springframework.security.web.context.request.async.WebAsyncManagerIntegrationFilter@123a0b95, org.springframework.security.web.context.SecurityContextHolderFilter@562998d3, org.springframework.security.web.header.HeaderWriterFilter@4412b152, org.springframework.security.web.csrf.CsrfFilter@59cfabaf, org.springframework.security.web.authentication.logout.LogoutFilter@7356f0e0, org.springframework.security.web.savedrequest.RequestCacheAwareFilter@729fc36a, org.springframework.security.web.servletapi.SecurityContextHolderAwareRequestFilter@38eaac79, org.springframework.security.web.authentication.AnonymousAuthenticationFilter@63f8006f, org.springframework.security.web.access.ExceptionTranslationFilter@174bbe8e]
2023-08-28T11:01:12.244+05:00  INFO 2328 --- [main] o.s.b.a.w.s.WelcomePageHandlerMapping    : Adding welcome page: class path resource [static/index.html]
2023-08-28T11:01:12.561+05:00  INFO 2328 --- [main] o.s.b.a.h2.H2ConsoleAutoConfiguration    : H2 console available at '/h2-console'. Database available at 'jdbc:h2:mem:testDB'
2023-08-28T11:01:12.589+05:00  WARN 2328 --- [main] o.s.s.c.a.web.builders.WebSecurity       : You are asking Spring Security to ignore Ant [pattern='/actuator', GET]. This is not recommended -- please use permitAll via HttpSecurity#authorizeHttpRequests instead.
2023-08-28T11:01:12.589+05:00  INFO 2328 --- [main] o.s.s.web.DefaultSecurityFilterChain     : Will not secure Ant [pattern='/actuator', GET]
2023-08-28T11:01:12.619+05:00  INFO 2328 --- [main] o.s.b.t.m.w.SpringBootMockServletContext : Initializing Spring TestDispatcherServlet ''
2023-08-28T11:01:12.621+05:00  INFO 2328 --- [main] o.s.t.web.servlet.TestDispatcherServlet  : Initializing Servlet ''
2023-08-28T11:01:12.628+05:00  INFO 2328 --- [main] o.s.b.a.e.web.EndpointLinksResolver      : Exposing 1 endpoint(s) beneath base path '/actuator'
2023-08-28T11:01:12.657+05:00  INFO 2328 --- [main] o.s.t.web.servlet.TestDispatcherServlet  : Completed initialization in 36 ms
2023-08-28T11:01:12.687+05:00  INFO 2328 --- [main] c.s.m.teacher.TeacherControllerTest      : Started TeacherControllerTest in 2.06 seconds (process running for 10.527)
2023-08-28T11:01:13.207+05:00  INFO 2328 --- [SpringApplicationShutdownHook] j.LocalContainerEntityManagerFactoryBean : Closing JPA EntityManagerFactory for persistence unit 'default'
2023-08-28T11:01:13.210+05:00  INFO 2328 --- [SpringApplicationShutdownHook] com.zaxxer.hikari.HikariDataSource       : HikariPool-1 - Shutdown initiated...
2023-08-28T11:01:13.213+05:00  INFO 2328 --- [SpringApplicationShutdownHook] com.zaxxer.hikari.HikariDataSource       : HikariPool-1 - Shutdown completed.
2023-08-28T11:01:13.217+05:00  INFO 2328 --- [SpringApplicationShutdownHook] j.LocalContainerEntityManagerFactoryBean : Closing JPA EntityManagerFactory for persistence unit 'default'
2023-08-28T11:01:13.218+05:00  INFO 2328 --- [SpringApplicationShutdownHook] com.zaxxer.hikari.HikariDataSource       : HikariPool-2 - Shutdown initiated...
2023-08-28T11:01:13.219+05:00  INFO 2328 --- [SpringApplicationShutdownHook] com.zaxxer.hikari.HikariDataSource       : HikariPool-2 - Shutdown completed.
2023-08-28T12:49:21.192+05:00  INFO 12824 --- [main] c.springboot.mapping.MappingApplication  : Starting MappingApplication using Java 17.0.8 with PID 12824 (C:\Users\sami.ahmad\Downloads\workspaces\mapping\target\classes started by sami.ahmad in C:\Users\sami.ahmad\Downloads\workspaces\mapping)
2023-08-28T12:49:21.194+05:00 DEBUG 12824 --- [main] c.springboot.mapping.MappingApplication  : Running with Spring Boot v3.1.1, Spring v6.0.10
2023-08-28T12:49:21.196+05:00  INFO 12824 --- [main] c.springboot.mapping.MappingApplication  : No active profile set, falling back to 1 default profile: "default"
2023-08-28T12:49:22.472+05:00  INFO 12824 --- [main] .s.d.r.c.RepositoryConfigurationDelegate : Bootstrapping Spring Data JPA repositories in DEFAULT mode.
2023-08-28T12:49:22.540+05:00  INFO 12824 --- [main] .s.d.r.c.RepositoryConfigurationDelegate : Finished Spring Data repository scanning in 58 ms. Found 2 JPA repository interfaces.
2023-08-28T12:49:23.826+05:00  INFO 12824 --- [main] o.s.b.w.embedded.tomcat.TomcatWebServer  : Tomcat initialized with port(s): 8080 (http)
2023-08-28T12:49:23.838+05:00  INFO 12824 --- [main] o.apache.catalina.core.StandardService   : Starting service [Tomcat]
2023-08-28T12:49:23.838+05:00  INFO 12824 --- [main] o.apache.catalina.core.StandardEngine    : Starting Servlet engine: [Apache Tomcat/10.1.10]
2023-08-28T12:49:23.958+05:00  INFO 12824 --- [main] o.a.c.c.C.[Tomcat].[localhost].[/]       : Initializing Spring embedded WebApplicationContext
2023-08-28T12:49:23.958+05:00  INFO 12824 --- [main] w.s.c.ServletWebServerApplicationContext : Root WebApplicationContext: initialization completed in 2684 ms
2023-08-28T12:49:24.111+05:00  INFO 12824 --- [main] com.zaxxer.hikari.HikariDataSource       : HikariPool-1 - Starting...
2023-08-28T12:49:24.359+05:00  INFO 12824 --- [main] com.zaxxer.hikari.pool.HikariPool        : HikariPool-1 - Added connection conn0: url=jdbc:h2:mem:testDB user=SA
2023-08-28T12:49:24.361+05:00  INFO 12824 --- [main] com.zaxxer.hikari.HikariDataSource       : HikariPool-1 - Start completed.
2023-08-28T12:49:24.389+05:00  INFO 12824 --- [main] o.s.b.a.h2.H2ConsoleAutoConfiguration    : H2 console available at '/h2-console'. Database available at 'jdbc:h2:mem:testDB'
2023-08-28T12:49:24.662+05:00  INFO 12824 --- [main] liquibase.database                       : Set default schema name to PUBLIC
2023-08-28T12:49:25.232+05:00  INFO 12824 --- [main] liquibase.executor                       : Changelog query completed.
2023-08-28T12:49:25.235+05:00  INFO 12824 --- [main] liquibase.executor                       : Changelog query completed.
2023-08-28T12:49:25.241+05:00  INFO 12824 --- [main] liquibase.executor                       : Changelog query completed.
2023-08-28T12:49:25.246+05:00  INFO 12824 --- [main] liquibase.executor                       : Changelog query completed.
2023-08-28T12:49:25.252+05:00  INFO 12824 --- [main] liquibase.executor                       : Changelog query completed.
2023-08-28T12:49:25.252+05:00  INFO 12824 --- [main] liquibase.lockservice                    : Successfully acquired change log lock
2023-08-28T12:49:25.268+05:00  INFO 12824 --- [main] liquibase.changelog                      : Creating database history table with name: PUBLIC.DATABASECHANGELOG
2023-08-28T12:49:25.272+05:00  INFO 12824 --- [main] liquibase.executor                       : Changelog query completed.
2023-08-28T12:49:25.273+05:00  INFO 12824 --- [main] liquibase.changelog                      : Reading from PUBLIC.DATABASECHANGELOG
2023-08-28T12:49:25.276+05:00  INFO 12824 --- [main] liquibase.executor                       : Changelog query completed.
2023-08-28T12:49:25.277+05:00  INFO 12824 --- [main] liquibase.executor                       : Changelog query completed.
2023-08-28T12:49:25.329+05:00  INFO 12824 --- [main] liquibase.changelog                      : Table teacher created
2023-08-28T12:49:25.331+05:00  INFO 12824 --- [main] liquibase.changelog                      : Primary key added to teacher (id)
2023-08-28T12:49:25.332+05:00  INFO 12824 --- [main] liquibase.changelog                      : ChangeSet db/changelog/db.changelog-schema-0.0.1.yaml::schema-0.0.1::teacher team ran successfully in 4ms
2023-08-28T12:49:25.336+05:00  INFO 12824 --- [main] liquibase.executor                       : Changelog query completed.
2023-08-28T12:49:25.342+05:00  INFO 12824 --- [main] liquibase.executor                       : Changelog query completed.
2023-08-28T12:49:25.348+05:00  INFO 12824 --- [main] liquibase.changelog                      : New row inserted into teacher
2023-08-28T12:49:25.349+05:00  INFO 12824 --- [main] liquibase.changelog                      : New row inserted into teacher
2023-08-28T12:49:25.350+05:00  INFO 12824 --- [main] liquibase.changelog                      : New row inserted into teacher
2023-08-28T12:49:25.351+05:00  INFO 12824 --- [main] liquibase.changelog                      : ChangeSet db/changelog/db.changelog-data-0.0.1.yaml::data-0.0.1::teacher team ran successfully in 7ms
2023-08-28T12:49:25.356+05:00  INFO 12824 --- [main] liquibase.executor                       : Changelog query completed.
2023-08-28T12:49:25.361+05:00  INFO 12824 --- [main] liquibase.changelog                      : Table users created
2023-08-28T12:49:25.362+05:00  INFO 12824 --- [main] liquibase.changelog                      : Primary key added to users (id)
2023-08-28T12:49:25.366+05:00  INFO 12824 --- [main] liquibase.changelog                      : Unique constraint added to users(user_name)
2023-08-28T12:49:25.367+05:00  INFO 12824 --- [main] liquibase.changelog                      : ChangeSet db/changelog/db.changelog-schema-0.0.2.yaml::schema-0.0.2::teacher team ran successfully in 10ms
2023-08-28T12:49:25.368+05:00  INFO 12824 --- [main] liquibase.executor                       : Changelog query completed.
2023-08-28T12:49:25.373+05:00  INFO 12824 --- [main] liquibase.changelog                      : New row inserted into users
2023-08-28T12:49:25.377+05:00  INFO 12824 --- [main] liquibase.changelog                      : New row inserted into users
2023-08-28T12:49:25.378+05:00  INFO 12824 --- [main] liquibase.changelog                      : ChangeSet db/changelog/db.changelog-data-0.0.2.yaml::data-0.0.2::news team ran successfully in 8ms
2023-08-28T12:49:25.379+05:00  INFO 12824 --- [main] liquibase.executor                       : Changelog query completed.
2023-08-28T12:49:25.380+05:00  INFO 12824 --- [main] liquibase                                : Update command completed successfully.
2023-08-28T12:49:25.382+05:00  INFO 12824 --- [main] liquibase.executor                       : Changelog query completed.
2023-08-28T12:49:25.382+05:00  INFO 12824 --- [main] liquibase.lockservice                    : Successfully released change log lock
2023-08-28T12:49:25.508+05:00  INFO 12824 --- [main] o.hibernate.jpa.internal.util.LogHelper  : HHH000204: Processing PersistenceUnitInfo [name: default]
2023-08-28T12:49:25.585+05:00  INFO 12824 --- [main] org.hibernate.Version                    : HHH000412: Hibernate ORM core version 6.2.5.Final
2023-08-28T12:49:25.588+05:00  INFO 12824 --- [main] org.hibernate.cfg.Environment            : HHH000406: Using bytecode reflection optimizer
2023-08-28T12:49:25.760+05:00  INFO 12824 --- [main] o.h.b.i.BytecodeProviderInitiator        : HHH000021: Bytecode provider name : bytebuddy
2023-08-28T12:49:25.916+05:00  INFO 12824 --- [main] o.s.o.j.p.SpringPersistenceUnitInfo      : No LoadTimeWeaver setup: ignoring JPA class transformer
2023-08-28T12:49:26.164+05:00  INFO 12824 --- [main] o.h.b.i.BytecodeProviderInitiator        : HHH000021: Bytecode provider name : bytebuddy
2023-08-28T12:49:26.839+05:00  INFO 12824 --- [main] o.h.e.t.j.p.i.JtaPlatformInitiator       : HHH000490: Using JtaPlatform implementation: [org.hibernate.engine.transaction.jta.platform.internal.NoJtaPlatform]
2023-08-28T12:49:26.843+05:00  INFO 12824 --- [main] j.LocalContainerEntityManagerFactoryBean : Initialized JPA EntityManagerFactory for persistence unit 'default'
2023-08-28T12:49:27.227+05:00  INFO 12824 --- [main] o.s.d.j.r.query.QueryEnhancerFactory     : Hibernate is in classpath; If applicable, HQL parser will be used.
2023-08-28T12:49:27.712+05:00  INFO 12824 --- [main] o.s.s.web.DefaultSecurityFilterChain     : Will secure any request with [org.springframework.security.web.session.DisableEncodeUrlFilter@25198ead, org.springframework.security.web.context.request.async.WebAsyncManagerIntegrationFilter@1b52f723, org.springframework.security.web.context.SecurityContextHolderFilter@7859bd9a, org.springframework.security.web.header.HeaderWriterFilter@2cc3df02, org.springframework.security.web.csrf.CsrfFilter@f2df380, org.springframework.security.web.authentication.logout.LogoutFilter@3872c85f, org.springframework.security.web.savedrequest.RequestCacheAwareFilter@561e8bab, org.springframework.security.web.servletapi.SecurityContextHolderAwareRequestFilter@3b8b1ba9, org.springframework.security.web.authentication.AnonymousAuthenticationFilter@39384ba6, org.springframework.security.web.access.ExceptionTranslationFilter@60580e42]
2023-08-28T12:49:27.869+05:00  INFO 12824 --- [main] o.s.b.a.w.s.WelcomePageHandlerMapping    : Adding welcome page: class path resource [static/index.html]
2023-08-28T12:49:28.205+05:00  WARN 12824 --- [main] o.s.s.c.a.web.builders.WebSecurity       : You are asking Spring Security to ignore Ant [pattern='/actuator', GET]. This is not recommended -- please use permitAll via HttpSecurity#authorizeHttpRequests instead.
2023-08-28T12:49:28.205+05:00  INFO 12824 --- [main] o.s.s.web.DefaultSecurityFilterChain     : Will not secure Ant [pattern='/actuator', GET]
2023-08-28T12:49:28.231+05:00  INFO 12824 --- [main] o.s.b.a.e.web.EndpointLinksResolver      : Exposing 1 endpoint(s) beneath base path '/actuator'
2023-08-28T12:49:28.335+05:00  INFO 12824 --- [main] o.s.b.w.embedded.tomcat.TomcatWebServer  : Tomcat started on port(s): 8080 (http) with context path ''
2023-08-28T12:49:28.351+05:00  INFO 12824 --- [main] c.springboot.mapping.MappingApplication  : Started MappingApplication in 8.331 seconds (process running for 8.738)
2023-08-28T12:50:04.941+05:00  INFO 12824 --- [SpringApplicationShutdownHook] j.LocalContainerEntityManagerFactoryBean : Closing JPA EntityManagerFactory for persistence unit 'default'
2023-08-28T12:50:04.952+05:00  INFO 12824 --- [SpringApplicationShutdownHook] com.zaxxer.hikari.HikariDataSource       : HikariPool-1 - Shutdown initiated...
2023-08-28T12:50:04.957+05:00  INFO 12824 --- [SpringApplicationShutdownHook] com.zaxxer.hikari.HikariDataSource       : HikariPool-1 - Shutdown completed.
2023-08-28T12:50:17.440+05:00  INFO 4928 --- [main] c.springboot.mapping.MappingApplication  : Starting MappingApplication using Java 17.0.8 with PID 4928 (C:\Users\sami.ahmad\Downloads\workspaces\mapping\target\classes started by sami.ahmad in C:\Users\sami.ahmad\Downloads\workspaces\mapping)
2023-08-28T12:50:17.443+05:00 DEBUG 4928 --- [main] c.springboot.mapping.MappingApplication  : Running with Spring Boot v3.1.2, Spring v6.0.11
2023-08-28T12:50:17.444+05:00  INFO 4928 --- [main] c.springboot.mapping.MappingApplication  : No active profile set, falling back to 1 default profile: "default"
2023-08-28T12:50:18.774+05:00  INFO 4928 --- [main] .s.d.r.c.RepositoryConfigurationDelegate : Bootstrapping Spring Data JPA repositories in DEFAULT mode.
2023-08-28T12:50:18.841+05:00  INFO 4928 --- [main] .s.d.r.c.RepositoryConfigurationDelegate : Finished Spring Data repository scanning in 57 ms. Found 2 JPA repository interfaces.
2023-08-28T12:50:19.733+05:00  INFO 4928 --- [main] o.s.b.w.embedded.tomcat.TomcatWebServer  : Tomcat initialized with port(s): 8080 (http)
2023-08-28T12:50:19.743+05:00  INFO 4928 --- [main] o.apache.catalina.core.StandardService   : Starting service [Tomcat]
2023-08-28T12:50:19.744+05:00  INFO 4928 --- [main] o.apache.catalina.core.StandardEngine    : Starting Servlet engine: [Apache Tomcat/10.1.11]
2023-08-28T12:50:19.846+05:00  INFO 4928 --- [main] o.a.c.c.C.[Tomcat].[localhost].[/]       : Initializing Spring embedded WebApplicationContext
2023-08-28T12:50:19.847+05:00  INFO 4928 --- [main] w.s.c.ServletWebServerApplicationContext : Root WebApplicationContext: initialization completed in 2336 ms
2023-08-28T12:50:20.007+05:00  INFO 4928 --- [main] com.zaxxer.hikari.HikariDataSource       : HikariPool-1 - Starting...
2023-08-28T12:50:20.252+05:00  INFO 4928 --- [main] com.zaxxer.hikari.pool.HikariPool        : HikariPool-1 - Added connection conn0: url=jdbc:h2:mem:testDB user=SA
2023-08-28T12:50:20.254+05:00  INFO 4928 --- [main] com.zaxxer.hikari.HikariDataSource       : HikariPool-1 - Start completed.
2023-08-28T12:50:20.266+05:00  INFO 4928 --- [main] o.s.b.a.h2.H2ConsoleAutoConfiguration    : H2 console available at '/h2-console'. Database available at 'jdbc:h2:mem:testDB'
2023-08-28T12:50:20.482+05:00  INFO 4928 --- [main] liquibase.database                       : Set default schema name to PUBLIC
2023-08-28T12:50:20.965+05:00  INFO 4928 --- [main] liquibase.executor                       : Changelog query completed.
2023-08-28T12:50:20.968+05:00  INFO 4928 --- [main] liquibase.executor                       : Changelog query completed.
2023-08-28T12:50:20.973+05:00  INFO 4928 --- [main] liquibase.executor                       : Changelog query completed.
2023-08-28T12:50:20.976+05:00  INFO 4928 --- [main] liquibase.executor                       : Changelog query completed.
2023-08-28T12:50:20.983+05:00  INFO 4928 --- [main] liquibase.executor                       : Changelog query completed.
2023-08-28T12:50:20.984+05:00  INFO 4928 --- [main] liquibase.lockservice                    : Successfully acquired change log lock
2023-08-28T12:50:21.000+05:00  INFO 4928 --- [main] liquibase.changelog                      : Creating database history table with name: PUBLIC.DATABASECHANGELOG
2023-08-28T12:50:21.004+05:00  INFO 4928 --- [main] liquibase.executor                       : Changelog query completed.
2023-08-28T12:50:21.005+05:00  INFO 4928 --- [main] liquibase.changelog                      : Reading from PUBLIC.DATABASECHANGELOG
2023-08-28T12:50:21.008+05:00  INFO 4928 --- [main] liquibase.executor                       : Changelog query completed.
2023-08-28T12:50:21.009+05:00  INFO 4928 --- [main] liquibase.executor                       : Changelog query completed.
2023-08-28T12:50:21.051+05:00  INFO 4928 --- [main] liquibase.changelog                      : Table teacher created
2023-08-28T12:50:21.053+05:00  INFO 4928 --- [main] liquibase.changelog                      : Primary key added to teacher (id)
2023-08-28T12:50:21.053+05:00  INFO 4928 --- [main] liquibase.changelog                      : ChangeSet db/changelog/db.changelog-schema-0.0.1.yaml::schema-0.0.1::teacher team ran successfully in 5ms
2023-08-28T12:50:21.057+05:00  INFO 4928 --- [main] liquibase.executor                       : Changelog query completed.
2023-08-28T12:50:21.059+05:00  INFO 4928 --- [main] liquibase.executor                       : Changelog query completed.
2023-08-28T12:50:21.061+05:00  INFO 4928 --- [main] liquibase.changelog                      : New row inserted into teacher
2023-08-28T12:50:21.063+05:00  INFO 4928 --- [main] liquibase.changelog                      : New row inserted into teacher
2023-08-28T12:50:21.068+05:00  INFO 4928 --- [main] liquibase.changelog                      : New row inserted into teacher
2023-08-28T12:50:21.069+05:00  INFO 4928 --- [main] liquibase.changelog                      : ChangeSet db/changelog/db.changelog-data-0.0.1.yaml::data-0.0.1::teacher team ran successfully in 9ms
2023-08-28T12:50:21.071+05:00  INFO 4928 --- [main] liquibase.executor                       : Changelog query completed.
2023-08-28T12:50:21.081+05:00  INFO 4928 --- [main] liquibase.changelog                      : Table users created
2023-08-28T12:50:21.084+05:00  INFO 4928 --- [main] liquibase.changelog                      : Primary key added to users (id)
2023-08-28T12:50:21.087+05:00  INFO 4928 --- [main] liquibase.changelog                      : Unique constraint added to users(user_name)
2023-08-28T12:50:21.088+05:00  INFO 4928 --- [main] liquibase.changelog                      : ChangeSet db/changelog/db.changelog-schema-0.0.2.yaml::schema-0.0.2::teacher team ran successfully in 15ms
2023-08-28T12:50:21.089+05:00  INFO 4928 --- [main] liquibase.executor                       : Changelog query completed.
2023-08-28T12:50:21.092+05:00  INFO 4928 --- [main] liquibase.changelog                      : New row inserted into users
2023-08-28T12:50:21.093+05:00  INFO 4928 --- [main] liquibase.changelog                      : New row inserted into users
2023-08-28T12:50:21.094+05:00  INFO 4928 --- [main] liquibase.changelog                      : ChangeSet db/changelog/db.changelog-data-0.0.2.yaml::data-0.0.2::news team ran successfully in 4ms
2023-08-28T12:50:21.095+05:00  INFO 4928 --- [main] liquibase.executor                       : Changelog query completed.
2023-08-28T12:50:21.096+05:00  INFO 4928 --- [main] liquibase                                : Update command completed successfully.
2023-08-28T12:50:21.098+05:00  INFO 4928 --- [main] liquibase.executor                       : Changelog query completed.
2023-08-28T12:50:21.099+05:00  INFO 4928 --- [main] liquibase.lockservice                    : Successfully released change log lock
2023-08-28T12:50:21.215+05:00  INFO 4928 --- [main] o.hibernate.jpa.internal.util.LogHelper  : HHH000204: Processing PersistenceUnitInfo [name: default]
2023-08-28T12:50:21.308+05:00  INFO 4928 --- [main] org.hibernate.Version                    : HHH000412: Hibernate ORM core version 6.2.6.Final
2023-08-28T12:50:21.311+05:00  INFO 4928 --- [main] org.hibernate.cfg.Environment            : HHH000406: Using bytecode reflection optimizer
2023-08-28T12:50:21.492+05:00  INFO 4928 --- [main] o.h.b.i.BytecodeProviderInitiator        : HHH000021: Bytecode provider name : bytebuddy
2023-08-28T12:50:21.646+05:00  INFO 4928 --- [main] o.s.o.j.p.SpringPersistenceUnitInfo      : No LoadTimeWeaver setup: ignoring JPA class transformer
2023-08-28T12:50:21.920+05:00  INFO 4928 --- [main] o.h.b.i.BytecodeProviderInitiator        : HHH000021: Bytecode provider name : bytebuddy
2023-08-28T12:50:22.618+05:00  INFO 4928 --- [main] o.h.e.t.j.p.i.JtaPlatformInitiator       : HHH000490: Using JtaPlatform implementation: [org.hibernate.engine.transaction.jta.platform.internal.NoJtaPlatform]
2023-08-28T12:50:22.622+05:00  INFO 4928 --- [main] j.LocalContainerEntityManagerFactoryBean : Initialized JPA EntityManagerFactory for persistence unit 'default'
2023-08-28T12:50:23.005+05:00  INFO 4928 --- [main] o.s.d.j.r.query.QueryEnhancerFactory     : Hibernate is in classpath; If applicable, HQL parser will be used.
2023-08-28T12:50:23.647+05:00  INFO 4928 --- [main] o.s.s.web.DefaultSecurityFilterChain     : Will secure any request with [org.springframework.security.web.session.DisableEncodeUrlFilter@6b6dce39, org.springframework.security.web.context.request.async.WebAsyncManagerIntegrationFilter@3e272f0, org.springframework.security.web.context.SecurityContextHolderFilter@3656a6cd, org.springframework.security.web.header.HeaderWriterFilter@56a3da69, org.springframework.security.web.csrf.CsrfFilter@50588ef6, org.springframework.security.web.authentication.logout.LogoutFilter@55d607b, org.springframework.security.web.savedrequest.RequestCacheAwareFilter@5967f0ff, org.springframework.security.web.servletapi.SecurityContextHolderAwareRequestFilter@580694ce, org.springframework.security.web.authentication.AnonymousAuthenticationFilter@2bcf856f, org.springframework.security.web.access.ExceptionTranslationFilter@40c4b938]
2023-08-28T12:50:23.834+05:00  INFO 4928 --- [main] o.s.b.a.w.s.WelcomePageHandlerMapping    : Adding welcome page: class path resource [static/index.html]
2023-08-28T12:50:24.304+05:00  WARN 4928 --- [main] o.s.s.c.a.web.builders.WebSecurity       : You are asking Spring Security to ignore Ant [pattern='/actuator', GET]. This is not recommended -- please use permitAll via HttpSecurity#authorizeHttpRequests instead.
2023-08-28T12:50:24.304+05:00  INFO 4928 --- [main] o.s.s.web.DefaultSecurityFilterChain     : Will not secure Ant [pattern='/actuator', GET]
2023-08-28T12:50:24.327+05:00  INFO 4928 --- [main] o.s.b.a.e.web.EndpointLinksResolver      : Exposing 1 endpoint(s) beneath base path '/actuator'
2023-08-28T12:50:24.421+05:00  INFO 4928 --- [main] o.s.b.w.embedded.tomcat.TomcatWebServer  : Tomcat started on port(s): 8080 (http) with context path ''
2023-08-28T12:50:24.461+05:00  INFO 4928 --- [main] c.springboot.mapping.MappingApplication  : Started MappingApplication in 7.745 seconds (process running for 8.16)
2023-08-28T12:50:38.389+05:00  INFO 4928 --- [http-nio-8080-exec-1] o.a.c.c.C.[Tomcat].[localhost].[/]       : Initializing Spring DispatcherServlet 'dispatcherServlet'
2023-08-28T12:50:38.390+05:00  INFO 4928 --- [http-nio-8080-exec-1] o.s.web.servlet.DispatcherServlet        : Initializing Servlet 'dispatcherServlet'
2023-08-28T12:50:38.391+05:00  INFO 4928 --- [http-nio-8080-exec-1] o.s.web.servlet.DispatcherServlet        : Completed initialization in 1 ms
2023-08-28T12:50:47.120+05:00  INFO 4928 --- [http-nio-8080-exec-1] o.springdoc.api.AbstractOpenApiResource  : Init duration for springdoc-openapi is: 354 ms
2023-08-28T12:51:09.608+05:00 DEBUG 4928 --- [http-nio-8080-exec-2] c.s.mapping.teacher.TeacherService       : Searching teacher with course containing: Math
2023-08-28T12:51:22.509+05:00 DEBUG 4928 --- [http-nio-8080-exec-3] c.s.mapping.teacher.TeacherService       : Searching teacher with course containing: Histor
2023-08-28T12:51:28.243+05:00 DEBUG 4928 --- [http-nio-8080-exec-4] c.s.mapping.teacher.TeacherService       : Searching teacher with course containing: History
2023-08-28T13:01:00.228+05:00  INFO 4928 --- [SpringApplicationShutdownHook] j.LocalContainerEntityManagerFactoryBean : Closing JPA EntityManagerFactory for persistence unit 'default'
2023-08-28T13:01:00.231+05:00  INFO 4928 --- [SpringApplicationShutdownHook] com.zaxxer.hikari.HikariDataSource       : HikariPool-1 - Shutdown initiated...
2023-08-28T13:01:00.236+05:00  INFO 4928 --- [SpringApplicationShutdownHook] com.zaxxer.hikari.HikariDataSource       : HikariPool-1 - Shutdown completed.
2023-08-28T13:01:03.269+05:00  INFO 12740 --- [main] c.springboot.mapping.MappingApplication  : Starting MappingApplication using Java 17.0.8 with PID 12740 (C:\Users\sami.ahmad\Downloads\workspaces\mapping\target\classes started by sami.ahmad in C:\Users\sami.ahmad\Downloads\workspaces\mapping)
2023-08-28T13:01:03.275+05:00 DEBUG 12740 --- [main] c.springboot.mapping.MappingApplication  : Running with Spring Boot v3.1.2, Spring v6.0.11
2023-08-28T13:01:03.277+05:00  INFO 12740 --- [main] c.springboot.mapping.MappingApplication  : No active profile set, falling back to 1 default profile: "default"
2023-08-28T13:01:03.796+05:00  WARN 12740 --- [main] ConfigServletWebServerApplicationContext : Exception encountered during context initialization - cancelling refresh attempt: org.springframework.beans.factory.BeanDefinitionStoreException: Failed to process import candidates for configuration class [com.springboot.mapping.MappingApplication]: Error processing condition on org.springframework.boot.actuate.autoconfigure.audit.AuditEventsEndpointAutoConfiguration
2023-08-28T13:01:03.805+05:00  INFO 12740 --- [main] .s.b.a.l.ConditionEvaluationReportLogger : 

Error starting ApplicationContext. To display the condition evaluation report re-run your application with 'debug' enabled.
2023-08-28T13:01:03.830+05:00 ERROR 12740 --- [main] o.s.boot.SpringApplication               : Application run failed

org.springframework.beans.factory.BeanDefinitionStoreException: Failed to process import candidates for configuration class [com.springboot.mapping.MappingApplication]: Error processing condition on org.springframework.boot.actuate.autoconfigure.audit.AuditEventsEndpointAutoConfiguration
	at org.springframework.context.annotation.ConfigurationClassParser.processImports(ConfigurationClassParser.java:524)
	at org.springframework.context.annotation.ConfigurationClassParser$DeferredImportSelectorGroupingHandler.lambda$processGroupImports$1(ConfigurationClassParser.java:726)
	at java.base/java.lang.Iterable.forEach(Iterable.java:75)
	at org.springframework.context.annotation.ConfigurationClassParser$DeferredImportSelectorGroupingHandler.processGroupImports(ConfigurationClassParser.java:723)
	at org.springframework.context.annotation.ConfigurationClassParser$DeferredImportSelectorHandler.process(ConfigurationClassParser.java:694)
	at org.springframework.context.annotation.ConfigurationClassParser.parse(ConfigurationClassParser.java:182)
	at org.springframework.context.annotation.ConfigurationClassPostProcessor.processConfigBeanDefinitions(ConfigurationClassPostProcessor.java:415)
	at org.springframework.context.annotation.ConfigurationClassPostProcessor.postProcessBeanDefinitionRegistry(ConfigurationClassPostProcessor.java:287)
	at org.springframework.context.support.PostProcessorRegistrationDelegate.invokeBeanDefinitionRegistryPostProcessors(PostProcessorRegistrationDelegate.java:344)
	at org.springframework.context.support.PostProcessorRegistrationDelegate.invokeBeanFactoryPostProcessors(PostProcessorRegistrationDelegate.java:115)
	at org.springframework.context.support.AbstractApplicationContext.invokeBeanFactoryPostProcessors(AbstractApplicationContext.java:771)
	at org.springframework.context.support.AbstractApplicationContext.refresh(AbstractApplicationContext.java:589)
	at org.springframework.boot.web.servlet.context.ServletWebServerApplicationContext.refresh(ServletWebServerApplicationContext.java:146)
	at org.springframework.boot.SpringApplication.refresh(SpringApplication.java:734)
	at org.springframework.boot.SpringApplication.refreshContext(SpringApplication.java:436)
	at org.springframework.boot.SpringApplication.run(SpringApplication.java:312)
	at org.springframework.boot.SpringApplication.run(SpringApplication.java:1306)
	at org.springframework.boot.SpringApplication.run(SpringApplication.java:1295)
	at com.springboot.mapping.MappingApplication.main(MappingApplication.java:10)
Caused by: java.lang.IllegalStateException: Error processing condition on org.springframework.boot.actuate.autoconfigure.audit.AuditEventsEndpointAutoConfiguration
	at org.springframework.boot.autoconfigure.condition.SpringBootCondition.matches(SpringBootCondition.java:60)
	at org.springframework.context.annotation.ConditionEvaluator.shouldSkip(ConditionEvaluator.java:108)
	at org.springframework.context.annotation.ConfigurationClassParser.processConfigurationClass(ConfigurationClassParser.java:219)
	at org.springframework.context.annotation.ConfigurationClassParser.processImports(ConfigurationClassParser.java:514)
	... 18 common frames omitted
Caused by: java.lang.IllegalArgumentException: Value must only contain valid chars
	at org.springframework.util.Assert.isTrue(Assert.java:122)
	at org.springframework.boot.actuate.endpoint.EndpointId.<init>(EndpointId.java:58)
	at org.springframework.boot.actuate.endpoint.EndpointId.fromPropertyValue(EndpointId.java:146)
	at org.springframework.boot.actuate.autoconfigure.endpoint.expose.IncludeExcludeEndpointFilter$EndpointPatterns.<init>(IncludeExcludeEndpointFilter.java:165)
	at org.springframework.boot.actuate.autoconfigure.endpoint.expose.IncludeExcludeEndpointFilter.<init>(IncludeExcludeEndpointFilter.java:89)
	at org.springframework.boot.actuate.autoconfigure.endpoint.expose.IncludeExcludeEndpointFilter.<init>(IncludeExcludeEndpointFilter.java:64)
	at org.springframework.boot.actuate.autoconfigure.endpoint.condition.OnAvailableEndpointCondition$ExposureFilter.<init>(OnAvailableEndpointCondition.java:183)
	at org.springframework.boot.actuate.autoconfigure.endpoint.condition.OnAvailableEndpointCondition.getExposureFilters(OnAvailableEndpointCondition.java:171)
	at org.springframework.boot.actuate.autoconfigure.endpoint.condition.OnAvailableEndpointCondition.getMatchOutcome(OnAvailableEndpointCondition.java:117)
	at org.springframework.boot.actuate.autoconfigure.endpoint.condition.OnAvailableEndpointCondition.getMatchOutcome(OnAvailableEndpointCondition.java:74)
	at org.springframework.boot.autoconfigure.condition.SpringBootCondition.matches(SpringBootCondition.java:47)
	... 21 common frames omitted

2023-08-28T13:01:13.232+05:00  INFO 5108 --- [main] c.springboot.mapping.MappingApplication  : Starting MappingApplication using Java 17.0.8 with PID 5108 (C:\Users\sami.ahmad\Downloads\workspaces\mapping\target\classes started by sami.ahmad in C:\Users\sami.ahmad\Downloads\workspaces\mapping)
2023-08-28T13:01:13.233+05:00 DEBUG 5108 --- [main] c.springboot.mapping.MappingApplication  : Running with Spring Boot v3.1.2, Spring v6.0.11
2023-08-28T13:01:13.234+05:00  INFO 5108 --- [main] c.springboot.mapping.MappingApplication  : No active profile set, falling back to 1 default profile: "default"
2023-08-28T13:01:13.771+05:00  WARN 5108 --- [main] ConfigServletWebServerApplicationContext : Exception encountered during context initialization - cancelling refresh attempt: org.springframework.beans.factory.BeanDefinitionStoreException: Failed to process import candidates for configuration class [com.springboot.mapping.MappingApplication]: Error processing condition on org.springframework.boot.actuate.autoconfigure.audit.AuditEventsEndpointAutoConfiguration
2023-08-28T13:01:13.781+05:00  INFO 5108 --- [main] .s.b.a.l.ConditionEvaluationReportLogger : 

Error starting ApplicationContext. To display the condition evaluation report re-run your application with 'debug' enabled.
2023-08-28T13:01:13.804+05:00 ERROR 5108 --- [main] o.s.boot.SpringApplication               : Application run failed

org.springframework.beans.factory.BeanDefinitionStoreException: Failed to process import candidates for configuration class [com.springboot.mapping.MappingApplication]: Error processing condition on org.springframework.boot.actuate.autoconfigure.audit.AuditEventsEndpointAutoConfiguration
	at org.springframework.context.annotation.ConfigurationClassParser.processImports(ConfigurationClassParser.java:524)
	at org.springframework.context.annotation.ConfigurationClassParser$DeferredImportSelectorGroupingHandler.lambda$processGroupImports$1(ConfigurationClassParser.java:726)
	at java.base/java.lang.Iterable.forEach(Iterable.java:75)
	at org.springframework.context.annotation.ConfigurationClassParser$DeferredImportSelectorGroupingHandler.processGroupImports(ConfigurationClassParser.java:723)
	at org.springframework.context.annotation.ConfigurationClassParser$DeferredImportSelectorHandler.process(ConfigurationClassParser.java:694)
	at org.springframework.context.annotation.ConfigurationClassParser.parse(ConfigurationClassParser.java:182)
	at org.springframework.context.annotation.ConfigurationClassPostProcessor.processConfigBeanDefinitions(ConfigurationClassPostProcessor.java:415)
	at org.springframework.context.annotation.ConfigurationClassPostProcessor.postProcessBeanDefinitionRegistry(ConfigurationClassPostProcessor.java:287)
	at org.springframework.context.support.PostProcessorRegistrationDelegate.invokeBeanDefinitionRegistryPostProcessors(PostProcessorRegistrationDelegate.java:344)
	at org.springframework.context.support.PostProcessorRegistrationDelegate.invokeBeanFactoryPostProcessors(PostProcessorRegistrationDelegate.java:115)
	at org.springframework.context.support.AbstractApplicationContext.invokeBeanFactoryPostProcessors(AbstractApplicationContext.java:771)
	at org.springframework.context.support.AbstractApplicationContext.refresh(AbstractApplicationContext.java:589)
	at org.springframework.boot.web.servlet.context.ServletWebServerApplicationContext.refresh(ServletWebServerApplicationContext.java:146)
	at org.springframework.boot.SpringApplication.refresh(SpringApplication.java:734)
	at org.springframework.boot.SpringApplication.refreshContext(SpringApplication.java:436)
	at org.springframework.boot.SpringApplication.run(SpringApplication.java:312)
	at org.springframework.boot.SpringApplication.run(SpringApplication.java:1306)
	at org.springframework.boot.SpringApplication.run(SpringApplication.java:1295)
	at com.springboot.mapping.MappingApplication.main(MappingApplication.java:10)
Caused by: java.lang.IllegalStateException: Error processing condition on org.springframework.boot.actuate.autoconfigure.audit.AuditEventsEndpointAutoConfiguration
	at org.springframework.boot.autoconfigure.condition.SpringBootCondition.matches(SpringBootCondition.java:60)
	at org.springframework.context.annotation.ConditionEvaluator.shouldSkip(ConditionEvaluator.java:108)
	at org.springframework.context.annotation.ConfigurationClassParser.processConfigurationClass(ConfigurationClassParser.java:219)
	at org.springframework.context.annotation.ConfigurationClassParser.processImports(ConfigurationClassParser.java:514)
	... 18 common frames omitted
Caused by: java.lang.IllegalArgumentException: Value must only contain valid chars
	at org.springframework.util.Assert.isTrue(Assert.java:122)
	at org.springframework.boot.actuate.endpoint.EndpointId.<init>(EndpointId.java:58)
	at org.springframework.boot.actuate.endpoint.EndpointId.fromPropertyValue(EndpointId.java:146)
	at org.springframework.boot.actuate.autoconfigure.endpoint.expose.IncludeExcludeEndpointFilter$EndpointPatterns.<init>(IncludeExcludeEndpointFilter.java:165)
	at org.springframework.boot.actuate.autoconfigure.endpoint.expose.IncludeExcludeEndpointFilter.<init>(IncludeExcludeEndpointFilter.java:89)
	at org.springframework.boot.actuate.autoconfigure.endpoint.expose.IncludeExcludeEndpointFilter.<init>(IncludeExcludeEndpointFilter.java:64)
	at org.springframework.boot.actuate.autoconfigure.endpoint.condition.OnAvailableEndpointCondition$ExposureFilter.<init>(OnAvailableEndpointCondition.java:183)
	at org.springframework.boot.actuate.autoconfigure.endpoint.condition.OnAvailableEndpointCondition.getExposureFilters(OnAvailableEndpointCondition.java:171)
	at org.springframework.boot.actuate.autoconfigure.endpoint.condition.OnAvailableEndpointCondition.getMatchOutcome(OnAvailableEndpointCondition.java:117)
	at org.springframework.boot.actuate.autoconfigure.endpoint.condition.OnAvailableEndpointCondition.getMatchOutcome(OnAvailableEndpointCondition.java:74)
	at org.springframework.boot.autoconfigure.condition.SpringBootCondition.matches(SpringBootCondition.java:47)
	... 21 common frames omitted

2023-08-28T13:01:39.891+05:00  INFO 3288 --- [main] c.springboot.mapping.MappingApplication  : Starting MappingApplication using Java 17.0.8 with PID 3288 (C:\Users\sami.ahmad\Downloads\workspaces\mapping\target\classes started by sami.ahmad in C:\Users\sami.ahmad\Downloads\workspaces\mapping)
2023-08-28T13:01:39.893+05:00 DEBUG 3288 --- [main] c.springboot.mapping.MappingApplication  : Running with Spring Boot v3.1.2, Spring v6.0.11
2023-08-28T13:01:39.894+05:00  INFO 3288 --- [main] c.springboot.mapping.MappingApplication  : No active profile set, falling back to 1 default profile: "default"
2023-08-28T13:01:41.055+05:00  INFO 3288 --- [main] .s.d.r.c.RepositoryConfigurationDelegate : Bootstrapping Spring Data JPA repositories in DEFAULT mode.
2023-08-28T13:01:41.119+05:00  INFO 3288 --- [main] .s.d.r.c.RepositoryConfigurationDelegate : Finished Spring Data repository scanning in 54 ms. Found 2 JPA repository interfaces.
2023-08-28T13:01:41.867+05:00  INFO 3288 --- [main] o.s.b.w.embedded.tomcat.TomcatWebServer  : Tomcat initialized with port(s): 8080 (http)
2023-08-28T13:01:41.878+05:00  INFO 3288 --- [main] o.apache.catalina.core.StandardService   : Starting service [Tomcat]
2023-08-28T13:01:41.879+05:00  INFO 3288 --- [main] o.apache.catalina.core.StandardEngine    : Starting Servlet engine: [Apache Tomcat/10.1.11]
2023-08-28T13:01:41.985+05:00  INFO 3288 --- [main] o.a.c.c.C.[Tomcat].[localhost].[/]       : Initializing Spring embedded WebApplicationContext
2023-08-28T13:01:41.986+05:00  INFO 3288 --- [main] w.s.c.ServletWebServerApplicationContext : Root WebApplicationContext: initialization completed in 2032 ms
2023-08-28T13:01:42.130+05:00  INFO 3288 --- [main] com.zaxxer.hikari.HikariDataSource       : HikariPool-1 - Starting...
2023-08-28T13:01:42.350+05:00  INFO 3288 --- [main] com.zaxxer.hikari.pool.HikariPool        : HikariPool-1 - Added connection conn0: url=jdbc:h2:mem:testDB user=SA
2023-08-28T13:01:42.352+05:00  INFO 3288 --- [main] com.zaxxer.hikari.HikariDataSource       : HikariPool-1 - Start completed.
2023-08-28T13:01:42.365+05:00  INFO 3288 --- [main] o.s.b.a.h2.H2ConsoleAutoConfiguration    : H2 console available at '/h2-console'. Database available at 'jdbc:h2:mem:testDB'
2023-08-28T13:01:42.578+05:00  INFO 3288 --- [main] liquibase.database                       : Set default schema name to PUBLIC
2023-08-28T13:01:43.040+05:00  INFO 3288 --- [main] liquibase.executor                       : Changelog query completed.
2023-08-28T13:01:43.043+05:00  INFO 3288 --- [main] liquibase.executor                       : Changelog query completed.
2023-08-28T13:01:43.047+05:00  INFO 3288 --- [main] liquibase.executor                       : Changelog query completed.
2023-08-28T13:01:43.051+05:00  INFO 3288 --- [main] liquibase.executor                       : Changelog query completed.
2023-08-28T13:01:43.056+05:00  INFO 3288 --- [main] liquibase.executor                       : Changelog query completed.
2023-08-28T13:01:43.057+05:00  INFO 3288 --- [main] liquibase.lockservice                    : Successfully acquired change log lock
2023-08-28T13:01:43.073+05:00  INFO 3288 --- [main] liquibase.changelog                      : Creating database history table with name: PUBLIC.DATABASECHANGELOG
2023-08-28T13:01:43.077+05:00  INFO 3288 --- [main] liquibase.executor                       : Changelog query completed.
2023-08-28T13:01:43.078+05:00  INFO 3288 --- [main] liquibase.changelog                      : Reading from PUBLIC.DATABASECHANGELOG
2023-08-28T13:01:43.081+05:00  INFO 3288 --- [main] liquibase.executor                       : Changelog query completed.
2023-08-28T13:01:43.082+05:00  INFO 3288 --- [main] liquibase.executor                       : Changelog query completed.
2023-08-28T13:01:43.134+05:00  INFO 3288 --- [main] liquibase.changelog                      : Table teacher created
2023-08-28T13:01:43.136+05:00  INFO 3288 --- [main] liquibase.changelog                      : Primary key added to teacher (id)
2023-08-28T13:01:43.137+05:00  INFO 3288 --- [main] liquibase.changelog                      : ChangeSet db/changelog/db.changelog-schema-0.0.1.yaml::schema-0.0.1::teacher team ran successfully in 9ms
2023-08-28T13:01:43.144+05:00  INFO 3288 --- [main] liquibase.executor                       : Changelog query completed.
2023-08-28T13:01:43.153+05:00  INFO 3288 --- [main] liquibase.executor                       : Changelog query completed.
2023-08-28T13:01:43.156+05:00  INFO 3288 --- [main] liquibase.changelog                      : New row inserted into teacher
2023-08-28T13:01:43.158+05:00  INFO 3288 --- [main] liquibase.changelog                      : New row inserted into teacher
2023-08-28T13:01:43.161+05:00  INFO 3288 --- [main] liquibase.changelog                      : New row inserted into teacher
2023-08-28T13:01:43.164+05:00  INFO 3288 --- [main] liquibase.changelog                      : ChangeSet db/changelog/db.changelog-data-0.0.1.yaml::data-0.0.1::teacher team ran successfully in 8ms
2023-08-28T13:01:43.166+05:00  INFO 3288 --- [main] liquibase.executor                       : Changelog query completed.
2023-08-28T13:01:43.171+05:00  INFO 3288 --- [main] liquibase.changelog                      : Table users created
2023-08-28T13:01:43.173+05:00  INFO 3288 --- [main] liquibase.changelog                      : Primary key added to users (id)
2023-08-28T13:01:43.175+05:00  INFO 3288 --- [main] liquibase.changelog                      : Unique constraint added to users(user_name)
2023-08-28T13:01:43.176+05:00  INFO 3288 --- [main] liquibase.changelog                      : ChangeSet db/changelog/db.changelog-schema-0.0.2.yaml::schema-0.0.2::teacher team ran successfully in 9ms
2023-08-28T13:01:43.179+05:00  INFO 3288 --- [main] liquibase.executor                       : Changelog query completed.
2023-08-28T13:01:43.185+05:00  INFO 3288 --- [main] liquibase.changelog                      : New row inserted into users
2023-08-28T13:01:43.187+05:00  INFO 3288 --- [main] liquibase.changelog                      : New row inserted into users
2023-08-28T13:01:43.188+05:00  INFO 3288 --- [main] liquibase.changelog                      : ChangeSet db/changelog/db.changelog-data-0.0.2.yaml::data-0.0.2::news team ran successfully in 8ms
2023-08-28T13:01:43.189+05:00  INFO 3288 --- [main] liquibase.executor                       : Changelog query completed.
2023-08-28T13:01:43.191+05:00  INFO 3288 --- [main] liquibase                                : Update command completed successfully.
2023-08-28T13:01:43.193+05:00  INFO 3288 --- [main] liquibase.executor                       : Changelog query completed.
2023-08-28T13:01:43.193+05:00  INFO 3288 --- [main] liquibase.lockservice                    : Successfully released change log lock
2023-08-28T13:01:43.351+05:00  INFO 3288 --- [main] o.hibernate.jpa.internal.util.LogHelper  : HHH000204: Processing PersistenceUnitInfo [name: default]
2023-08-28T13:01:43.424+05:00  INFO 3288 --- [main] org.hibernate.Version                    : HHH000412: Hibernate ORM core version 6.2.6.Final
2023-08-28T13:01:43.426+05:00  INFO 3288 --- [main] org.hibernate.cfg.Environment            : HHH000406: Using bytecode reflection optimizer
2023-08-28T13:01:43.600+05:00  INFO 3288 --- [main] o.h.b.i.BytecodeProviderInitiator        : HHH000021: Bytecode provider name : bytebuddy
2023-08-28T13:01:43.752+05:00  INFO 3288 --- [main] o.s.o.j.p.SpringPersistenceUnitInfo      : No LoadTimeWeaver setup: ignoring JPA class transformer
2023-08-28T13:01:44.010+05:00  INFO 3288 --- [main] o.h.b.i.BytecodeProviderInitiator        : HHH000021: Bytecode provider name : bytebuddy
2023-08-28T13:01:44.720+05:00  INFO 3288 --- [main] o.h.e.t.j.p.i.JtaPlatformInitiator       : HHH000490: Using JtaPlatform implementation: [org.hibernate.engine.transaction.jta.platform.internal.NoJtaPlatform]
2023-08-28T13:01:44.724+05:00  INFO 3288 --- [main] j.LocalContainerEntityManagerFactoryBean : Initialized JPA EntityManagerFactory for persistence unit 'default'
2023-08-28T13:01:45.134+05:00  INFO 3288 --- [main] o.s.d.j.r.query.QueryEnhancerFactory     : Hibernate is in classpath; If applicable, HQL parser will be used.
2023-08-28T13:01:45.713+05:00  INFO 3288 --- [main] o.s.s.web.DefaultSecurityFilterChain     : Will secure any request with [org.springframework.security.web.session.DisableEncodeUrlFilter@135a8812, org.springframework.security.web.context.request.async.WebAsyncManagerIntegrationFilter@54ebacdc, org.springframework.security.web.context.SecurityContextHolderFilter@75daa568, org.springframework.security.web.header.HeaderWriterFilter@2fc378cd, org.springframework.security.web.csrf.CsrfFilter@40c858fc, org.springframework.security.web.authentication.logout.LogoutFilter@2796716d, org.springframework.security.web.savedrequest.RequestCacheAwareFilter@79059313, org.springframework.security.web.servletapi.SecurityContextHolderAwareRequestFilter@222e9ace, org.springframework.security.web.authentication.AnonymousAuthenticationFilter@618c387d, org.springframework.security.web.access.ExceptionTranslationFilter@311683ea]
2023-08-28T13:01:45.882+05:00  INFO 3288 --- [main] o.s.b.a.w.s.WelcomePageHandlerMapping    : Adding welcome page: class path resource [static/index.html]
2023-08-28T13:01:46.334+05:00  WARN 3288 --- [main] o.s.s.c.a.web.builders.WebSecurity       : You are asking Spring Security to ignore Ant [pattern='/actuator', GET]. This is not recommended -- please use permitAll via HttpSecurity#authorizeHttpRequests instead.
2023-08-28T13:01:46.334+05:00  INFO 3288 --- [main] o.s.s.web.DefaultSecurityFilterChain     : Will not secure Ant [pattern='/actuator', GET]
2023-08-28T13:01:46.358+05:00  INFO 3288 --- [main] o.s.b.a.e.web.EndpointLinksResolver      : Exposing 1 endpoint(s) beneath base path '/actuator'
2023-08-28T13:01:46.454+05:00  INFO 3288 --- [main] o.s.b.w.embedded.tomcat.TomcatWebServer  : Tomcat started on port(s): 8080 (http) with context path ''
2023-08-28T13:01:46.472+05:00  INFO 3288 --- [main] c.springboot.mapping.MappingApplication  : Started MappingApplication in 7.221 seconds (process running for 7.621)
2023-08-28T13:01:56.032+05:00  INFO 3288 --- [http-nio-8080-exec-1] o.a.c.c.C.[Tomcat].[localhost].[/]       : Initializing Spring DispatcherServlet 'dispatcherServlet'
2023-08-28T13:01:56.033+05:00  INFO 3288 --- [http-nio-8080-exec-1] o.s.web.servlet.DispatcherServlet        : Initializing Servlet 'dispatcherServlet'
2023-08-28T13:01:56.034+05:00  INFO 3288 --- [http-nio-8080-exec-1] o.s.web.servlet.DispatcherServlet        : Completed initialization in 1 ms
2023-08-28T13:44:26.123+05:00  WARN 3288 --- [HikariPool-1 housekeeper] com.zaxxer.hikari.pool.HikariPool        : HikariPool-1 - Thread starvation or clock leap detected (housekeeper delta=42m43s838ms758s300ns).
2023-08-28T13:48:42.665+05:00  INFO 3288 --- [SpringApplicationShutdownHook] j.LocalContainerEntityManagerFactoryBean : Closing JPA EntityManagerFactory for persistence unit 'default'
2023-08-28T13:48:42.669+05:00  INFO 3288 --- [SpringApplicationShutdownHook] com.zaxxer.hikari.HikariDataSource       : HikariPool-1 - Shutdown initiated...
2023-08-28T13:48:42.671+05:00  INFO 3288 --- [SpringApplicationShutdownHook] com.zaxxer.hikari.HikariDataSource       : HikariPool-1 - Shutdown completed.
2023-08-28T13:48:45.163+05:00  INFO 15836 --- [main] c.springboot.mapping.MappingApplication  : Starting MappingApplication using Java 17.0.8 with PID 15836 (C:\Users\sami.ahmad\Downloads\workspaces\mapping\target\classes started by sami.ahmad in C:\Users\sami.ahmad\Downloads\workspaces\mapping)
2023-08-28T13:48:45.165+05:00 DEBUG 15836 --- [main] c.springboot.mapping.MappingApplication  : Running with Spring Boot v3.1.2, Spring v6.0.11
2023-08-28T13:48:45.166+05:00  INFO 15836 --- [main] c.springboot.mapping.MappingApplication  : No active profile set, falling back to 1 default profile: "default"
2023-08-28T13:48:46.633+05:00  INFO 15836 --- [main] .s.d.r.c.RepositoryConfigurationDelegate : Bootstrapping Spring Data JPA repositories in DEFAULT mode.
2023-08-28T13:48:46.701+05:00  INFO 15836 --- [main] .s.d.r.c.RepositoryConfigurationDelegate : Finished Spring Data repository scanning in 58 ms. Found 2 JPA repository interfaces.
2023-08-28T13:48:47.498+05:00  INFO 15836 --- [main] o.s.b.w.embedded.tomcat.TomcatWebServer  : Tomcat initialized with port(s): 8080 (http)
2023-08-28T13:48:47.510+05:00  INFO 15836 --- [main] o.apache.catalina.core.StandardService   : Starting service [Tomcat]
2023-08-28T13:48:47.510+05:00  INFO 15836 --- [main] o.apache.catalina.core.StandardEngine    : Starting Servlet engine: [Apache Tomcat/10.1.11]
2023-08-28T13:48:47.616+05:00  INFO 15836 --- [main] o.a.c.c.C.[Tomcat].[localhost].[/]       : Initializing Spring embedded WebApplicationContext
2023-08-28T13:48:47.617+05:00  INFO 15836 --- [main] w.s.c.ServletWebServerApplicationContext : Root WebApplicationContext: initialization completed in 2401 ms
2023-08-28T13:48:47.765+05:00  INFO 15836 --- [main] com.zaxxer.hikari.HikariDataSource       : HikariPool-1 - Starting...
2023-08-28T13:48:47.988+05:00  INFO 15836 --- [main] com.zaxxer.hikari.pool.HikariPool        : HikariPool-1 - Added connection conn0: url=jdbc:h2:mem:testDB user=SA
2023-08-28T13:48:47.991+05:00  INFO 15836 --- [main] com.zaxxer.hikari.HikariDataSource       : HikariPool-1 - Start completed.
2023-08-28T13:48:48.003+05:00  INFO 15836 --- [main] o.s.b.a.h2.H2ConsoleAutoConfiguration    : H2 console available at '/h2-console'. Database available at 'jdbc:h2:mem:testDB'
2023-08-28T13:48:48.230+05:00  INFO 15836 --- [main] liquibase.database                       : Set default schema name to PUBLIC
2023-08-28T13:48:48.704+05:00  INFO 15836 --- [main] liquibase.executor                       : Changelog query completed.
2023-08-28T13:48:48.707+05:00  INFO 15836 --- [main] liquibase.executor                       : Changelog query completed.
2023-08-28T13:48:48.712+05:00  INFO 15836 --- [main] liquibase.executor                       : Changelog query completed.
2023-08-28T13:48:48.715+05:00  INFO 15836 --- [main] liquibase.executor                       : Changelog query completed.
2023-08-28T13:48:48.720+05:00  INFO 15836 --- [main] liquibase.executor                       : Changelog query completed.
2023-08-28T13:48:48.720+05:00  INFO 15836 --- [main] liquibase.lockservice                    : Successfully acquired change log lock
2023-08-28T13:48:48.735+05:00  INFO 15836 --- [main] liquibase.changelog                      : Creating database history table with name: PUBLIC.DATABASECHANGELOG
2023-08-28T13:48:48.739+05:00  INFO 15836 --- [main] liquibase.executor                       : Changelog query completed.
2023-08-28T13:48:48.739+05:00  INFO 15836 --- [main] liquibase.changelog                      : Reading from PUBLIC.DATABASECHANGELOG
2023-08-28T13:48:48.742+05:00  INFO 15836 --- [main] liquibase.executor                       : Changelog query completed.
2023-08-28T13:48:48.743+05:00  INFO 15836 --- [main] liquibase.executor                       : Changelog query completed.
2023-08-28T13:48:48.784+05:00  INFO 15836 --- [main] liquibase.changelog                      : Table teacher created
2023-08-28T13:48:48.786+05:00  INFO 15836 --- [main] liquibase.changelog                      : Primary key added to teacher (id)
2023-08-28T13:48:48.787+05:00  INFO 15836 --- [main] liquibase.changelog                      : ChangeSet db/changelog/db.changelog-schema-0.0.1.yaml::schema-0.0.1::teacher team ran successfully in 5ms
2023-08-28T13:48:48.791+05:00  INFO 15836 --- [main] liquibase.executor                       : Changelog query completed.
2023-08-28T13:48:48.792+05:00  INFO 15836 --- [main] liquibase.executor                       : Changelog query completed.
2023-08-28T13:48:48.795+05:00  INFO 15836 --- [main] liquibase.changelog                      : New row inserted into teacher
2023-08-28T13:48:48.796+05:00  INFO 15836 --- [main] liquibase.changelog                      : New row inserted into teacher
2023-08-28T13:48:48.797+05:00  INFO 15836 --- [main] liquibase.changelog                      : New row inserted into teacher
2023-08-28T13:48:48.797+05:00  INFO 15836 --- [main] liquibase.changelog                      : ChangeSet db/changelog/db.changelog-data-0.0.1.yaml::data-0.0.1::teacher team ran successfully in 4ms
2023-08-28T13:48:48.798+05:00  INFO 15836 --- [main] liquibase.executor                       : Changelog query completed.
2023-08-28T13:48:48.802+05:00  INFO 15836 --- [main] liquibase.changelog                      : Table users created
2023-08-28T13:48:48.804+05:00  INFO 15836 --- [main] liquibase.changelog                      : Primary key added to users (id)
2023-08-28T13:48:48.811+05:00  INFO 15836 --- [main] liquibase.changelog                      : Unique constraint added to users(user_name)
2023-08-28T13:48:48.812+05:00  INFO 15836 --- [main] liquibase.changelog                      : ChangeSet db/changelog/db.changelog-schema-0.0.2.yaml::schema-0.0.2::teacher team ran successfully in 13ms
2023-08-28T13:48:48.813+05:00  INFO 15836 --- [main] liquibase.executor                       : Changelog query completed.
2023-08-28T13:48:48.817+05:00  INFO 15836 --- [main] liquibase.changelog                      : New row inserted into users
2023-08-28T13:48:48.818+05:00  INFO 15836 --- [main] liquibase.changelog                      : New row inserted into users
2023-08-28T13:48:48.819+05:00  INFO 15836 --- [main] liquibase.changelog                      : ChangeSet db/changelog/db.changelog-data-0.0.2.yaml::data-0.0.2::news team ran successfully in 4ms
2023-08-28T13:48:48.820+05:00  INFO 15836 --- [main] liquibase.executor                       : Changelog query completed.
2023-08-28T13:48:48.822+05:00  INFO 15836 --- [main] liquibase                                : Update command completed successfully.
2023-08-28T13:48:48.824+05:00  INFO 15836 --- [main] liquibase.executor                       : Changelog query completed.
2023-08-28T13:48:48.824+05:00  INFO 15836 --- [main] liquibase.lockservice                    : Successfully released change log lock
2023-08-28T13:48:48.926+05:00  INFO 15836 --- [main] o.hibernate.jpa.internal.util.LogHelper  : HHH000204: Processing PersistenceUnitInfo [name: default]
2023-08-28T13:48:49.019+05:00  INFO 15836 --- [main] org.hibernate.Version                    : HHH000412: Hibernate ORM core version 6.2.6.Final
2023-08-28T13:48:49.021+05:00  INFO 15836 --- [main] org.hibernate.cfg.Environment            : HHH000406: Using bytecode reflection optimizer
2023-08-28T13:48:49.201+05:00  INFO 15836 --- [main] o.h.b.i.BytecodeProviderInitiator        : HHH000021: Bytecode provider name : bytebuddy
2023-08-28T13:48:49.368+05:00  INFO 15836 --- [main] o.s.o.j.p.SpringPersistenceUnitInfo      : No LoadTimeWeaver setup: ignoring JPA class transformer
2023-08-28T13:48:49.630+05:00  INFO 15836 --- [main] o.h.b.i.BytecodeProviderInitiator        : HHH000021: Bytecode provider name : bytebuddy
2023-08-28T13:48:50.344+05:00  INFO 15836 --- [main] o.h.e.t.j.p.i.JtaPlatformInitiator       : HHH000490: Using JtaPlatform implementation: [org.hibernate.engine.transaction.jta.platform.internal.NoJtaPlatform]
2023-08-28T13:48:50.349+05:00  INFO 15836 --- [main] j.LocalContainerEntityManagerFactoryBean : Initialized JPA EntityManagerFactory for persistence unit 'default'
2023-08-28T13:48:50.861+05:00  INFO 15836 --- [main] o.s.d.j.r.query.QueryEnhancerFactory     : Hibernate is in classpath; If applicable, HQL parser will be used.
2023-08-28T13:48:51.463+05:00  INFO 15836 --- [main] o.s.s.web.DefaultSecurityFilterChain     : Will secure any request with [org.springframework.security.web.session.DisableEncodeUrlFilter@3e9053b3, org.springframework.security.web.context.request.async.WebAsyncManagerIntegrationFilter@138c2ba, org.springframework.security.web.context.SecurityContextHolderFilter@21590b35, org.springframework.security.web.header.HeaderWriterFilter@5ef22587, org.springframework.security.web.csrf.CsrfFilter@5e3934db, org.springframework.security.web.authentication.logout.LogoutFilter@4b45016d, org.springframework.security.web.savedrequest.RequestCacheAwareFilter@633aedeb, org.springframework.security.web.servletapi.SecurityContextHolderAwareRequestFilter@2449dff5, org.springframework.security.web.authentication.AnonymousAuthenticationFilter@a700311, org.springframework.security.web.access.ExceptionTranslationFilter@5a816a78]
2023-08-28T13:48:51.628+05:00  INFO 15836 --- [main] o.s.b.a.w.s.WelcomePageHandlerMapping    : Adding welcome page: class path resource [static/index.html]
2023-08-28T13:48:52.136+05:00  WARN 15836 --- [main] o.s.s.c.a.web.builders.WebSecurity       : You are asking Spring Security to ignore Ant [pattern='/actuator', GET]. This is not recommended -- please use permitAll via HttpSecurity#authorizeHttpRequests instead.
2023-08-28T13:48:52.136+05:00  INFO 15836 --- [main] o.s.s.web.DefaultSecurityFilterChain     : Will not secure Ant [pattern='/actuator', GET]
2023-08-28T13:48:52.158+05:00  INFO 15836 --- [main] o.s.b.a.e.web.EndpointLinksResolver      : Exposing 14 endpoint(s) beneath base path '/actuator'
2023-08-28T13:48:52.254+05:00  INFO 15836 --- [main] o.s.b.w.embedded.tomcat.TomcatWebServer  : Tomcat started on port(s): 8080 (http) with context path ''
2023-08-28T13:48:52.274+05:00  INFO 15836 --- [main] c.springboot.mapping.MappingApplication  : Started MappingApplication in 7.777 seconds (process running for 8.295)
2023-08-28T13:48:57.049+05:00  INFO 15836 --- [http-nio-8080-exec-2] o.a.c.c.C.[Tomcat].[localhost].[/]       : Initializing Spring DispatcherServlet 'dispatcherServlet'
2023-08-28T13:48:57.049+05:00  INFO 15836 --- [http-nio-8080-exec-2] o.s.web.servlet.DispatcherServlet        : Initializing Servlet 'dispatcherServlet'
2023-08-28T13:48:57.051+05:00  INFO 15836 --- [http-nio-8080-exec-2] o.s.web.servlet.DispatcherServlet        : Completed initialization in 1 ms
2023-08-28T13:50:59.943+05:00  INFO 15836 --- [http-nio-8080-exec-7] liquibase.database                       : Set default schema name to PUBLIC
2023-08-28T13:50:59.945+05:00  INFO 15836 --- [http-nio-8080-exec-7] liquibase.changelog                      : Reading from PUBLIC.DATABASECHANGELOG
2023-08-28T13:50:59.955+05:00  INFO 15836 --- [http-nio-8080-exec-7] liquibase.executor                       : Changelog query completed.
2023-08-28T13:54:18.752+05:00  INFO 15836 --- [http-nio-8080-exec-6] o.springdoc.api.AbstractOpenApiResource  : Init duration for springdoc-openapi is: 245 ms
2023-08-28T14:01:59.394+05:00 DEBUG 15836 --- [http-nio-8080-exec-7] c.s.mapping.teacher.TeacherService       : Fetching all teachers
2023-08-28T14:12:38.718+05:00  INFO 15836 --- [SpringApplicationShutdownHook] j.LocalContainerEntityManagerFactoryBean : Closing JPA EntityManagerFactory for persistence unit 'default'
2023-08-28T14:12:38.720+05:00  INFO 15836 --- [SpringApplicationShutdownHook] com.zaxxer.hikari.HikariDataSource       : HikariPool-1 - Shutdown initiated...
2023-08-28T14:12:38.722+05:00  INFO 15836 --- [SpringApplicationShutdownHook] com.zaxxer.hikari.HikariDataSource       : HikariPool-1 - Shutdown completed.
2023-08-28T14:12:43.072+05:00  INFO 12224 --- [main] c.springboot.mapping.MappingApplication  : Starting MappingApplication using Java 17.0.8 with PID 12224 (C:\Users\sami.ahmad\Downloads\workspaces\mapping\target\classes started by sami.ahmad in C:\Users\sami.ahmad\Downloads\workspaces\mapping)
2023-08-28T14:12:43.074+05:00 DEBUG 12224 --- [main] c.springboot.mapping.MappingApplication  : Running with Spring Boot v3.1.2, Spring v6.0.11
2023-08-28T14:12:43.075+05:00  INFO 12224 --- [main] c.springboot.mapping.MappingApplication  : No active profile set, falling back to 1 default profile: "default"
2023-08-28T14:12:45.065+05:00  INFO 12224 --- [main] .s.d.r.c.RepositoryConfigurationDelegate : Bootstrapping Spring Data JPA repositories in DEFAULT mode.
2023-08-28T14:12:45.147+05:00  INFO 12224 --- [main] .s.d.r.c.RepositoryConfigurationDelegate : Finished Spring Data repository scanning in 69 ms. Found 2 JPA repository interfaces.
2023-08-28T14:12:46.102+05:00  INFO 12224 --- [main] o.s.b.w.embedded.tomcat.TomcatWebServer  : Tomcat initialized with port(s): 8080 (http)
2023-08-28T14:12:46.115+05:00  INFO 12224 --- [main] o.apache.catalina.core.StandardService   : Starting service [Tomcat]
2023-08-28T14:12:46.115+05:00  INFO 12224 --- [main] o.apache.catalina.core.StandardEngine    : Starting Servlet engine: [Apache Tomcat/10.1.11]
2023-08-28T14:12:46.237+05:00  INFO 12224 --- [main] o.a.c.c.C.[Tomcat].[localhost].[/]       : Initializing Spring embedded WebApplicationContext
2023-08-28T14:12:46.239+05:00  INFO 12224 --- [main] w.s.c.ServletWebServerApplicationContext : Root WebApplicationContext: initialization completed in 2980 ms
2023-08-28T14:12:46.385+05:00  INFO 12224 --- [main] com.zaxxer.hikari.HikariDataSource       : HikariPool-1 - Starting...
2023-08-28T14:12:46.764+05:00  INFO 12224 --- [main] com.zaxxer.hikari.pool.HikariPool        : HikariPool-1 - Added connection conn0: url=jdbc:h2:mem:testDB user=SA
2023-08-28T14:12:46.766+05:00  INFO 12224 --- [main] com.zaxxer.hikari.HikariDataSource       : HikariPool-1 - Start completed.
2023-08-28T14:12:46.787+05:00  INFO 12224 --- [main] o.s.b.a.h2.H2ConsoleAutoConfiguration    : H2 console available at '/h2-console'. Database available at 'jdbc:h2:mem:testDB'
2023-08-28T14:12:47.097+05:00  INFO 12224 --- [main] liquibase.database                       : Set default schema name to PUBLIC
2023-08-28T14:12:47.638+05:00  INFO 12224 --- [main] liquibase.executor                       : Changelog query completed.
2023-08-28T14:12:47.642+05:00  INFO 12224 --- [main] liquibase.executor                       : Changelog query completed.
2023-08-28T14:12:47.647+05:00  INFO 12224 --- [main] liquibase.executor                       : Changelog query completed.
2023-08-28T14:12:47.650+05:00  INFO 12224 --- [main] liquibase.executor                       : Changelog query completed.
2023-08-28T14:12:47.656+05:00  INFO 12224 --- [main] liquibase.executor                       : Changelog query completed.
2023-08-28T14:12:47.656+05:00  INFO 12224 --- [main] liquibase.lockservice                    : Successfully acquired change log lock
2023-08-28T14:12:47.673+05:00  INFO 12224 --- [main] liquibase.changelog                      : Creating database history table with name: PUBLIC.DATABASECHANGELOG
2023-08-28T14:12:47.677+05:00  INFO 12224 --- [main] liquibase.executor                       : Changelog query completed.
2023-08-28T14:12:47.678+05:00  INFO 12224 --- [main] liquibase.changelog                      : Reading from PUBLIC.DATABASECHANGELOG
2023-08-28T14:12:47.682+05:00  INFO 12224 --- [main] liquibase.executor                       : Changelog query completed.
2023-08-28T14:12:47.683+05:00  INFO 12224 --- [main] liquibase.executor                       : Changelog query completed.
2023-08-28T14:12:47.732+05:00  INFO 12224 --- [main] liquibase.changelog                      : Table teacher created
2023-08-28T14:12:47.736+05:00  INFO 12224 --- [main] liquibase.changelog                      : Primary key added to teacher (id)
2023-08-28T14:12:47.737+05:00  INFO 12224 --- [main] liquibase.changelog                      : ChangeSet db/changelog/db.changelog-schema-0.0.1.yaml::schema-0.0.1::teacher team ran successfully in 6ms
2023-08-28T14:12:47.740+05:00  INFO 12224 --- [main] liquibase.executor                       : Changelog query completed.
2023-08-28T14:12:47.744+05:00  INFO 12224 --- [main] liquibase.executor                       : Changelog query completed.
2023-08-28T14:12:47.746+05:00  INFO 12224 --- [main] liquibase.changelog                      : New row inserted into teacher
2023-08-28T14:12:47.747+05:00  INFO 12224 --- [main] liquibase.changelog                      : New row inserted into teacher
2023-08-28T14:12:47.748+05:00  INFO 12224 --- [main] liquibase.changelog                      : New row inserted into teacher
2023-08-28T14:12:47.749+05:00  INFO 12224 --- [main] liquibase.changelog                      : ChangeSet db/changelog/db.changelog-data-0.0.1.yaml::data-0.0.1::teacher team ran successfully in 4ms
2023-08-28T14:12:47.752+05:00  INFO 12224 --- [main] liquibase.executor                       : Changelog query completed.
2023-08-28T14:12:47.756+05:00  INFO 12224 --- [main] liquibase.changelog                      : Table users created
2023-08-28T14:12:47.757+05:00  INFO 12224 --- [main] liquibase.changelog                      : Primary key added to users (id)
2023-08-28T14:12:47.761+05:00  INFO 12224 --- [main] liquibase.changelog                      : Unique constraint added to users(user_name)
2023-08-28T14:12:47.762+05:00  INFO 12224 --- [main] liquibase.changelog                      : ChangeSet db/changelog/db.changelog-schema-0.0.2.yaml::schema-0.0.2::teacher team ran successfully in 8ms
2023-08-28T14:12:47.763+05:00  INFO 12224 --- [main] liquibase.executor                       : Changelog query completed.
2023-08-28T14:12:47.766+05:00  INFO 12224 --- [main] liquibase.changelog                      : New row inserted into users
2023-08-28T14:12:47.768+05:00  INFO 12224 --- [main] liquibase.changelog                      : New row inserted into users
2023-08-28T14:12:47.769+05:00  INFO 12224 --- [main] liquibase.changelog                      : ChangeSet db/changelog/db.changelog-data-0.0.2.yaml::data-0.0.2::news team ran successfully in 5ms
2023-08-28T14:12:47.770+05:00  INFO 12224 --- [main] liquibase.executor                       : Changelog query completed.
2023-08-28T14:12:47.771+05:00  INFO 12224 --- [main] liquibase                                : Update command completed successfully.
2023-08-28T14:12:47.773+05:00  INFO 12224 --- [main] liquibase.executor                       : Changelog query completed.
2023-08-28T14:12:47.774+05:00  INFO 12224 --- [main] liquibase.lockservice                    : Successfully released change log lock
2023-08-28T14:12:47.949+05:00  INFO 12224 --- [main] o.hibernate.jpa.internal.util.LogHelper  : HHH000204: Processing PersistenceUnitInfo [name: default]
2023-08-28T14:12:48.039+05:00  INFO 12224 --- [main] org.hibernate.Version                    : HHH000412: Hibernate ORM core version 6.2.6.Final
2023-08-28T14:12:48.042+05:00  INFO 12224 --- [main] org.hibernate.cfg.Environment            : HHH000406: Using bytecode reflection optimizer
2023-08-28T14:12:48.242+05:00  INFO 12224 --- [main] o.h.b.i.BytecodeProviderInitiator        : HHH000021: Bytecode provider name : bytebuddy
2023-08-28T14:12:48.401+05:00  INFO 12224 --- [main] o.s.o.j.p.SpringPersistenceUnitInfo      : No LoadTimeWeaver setup: ignoring JPA class transformer
2023-08-28T14:12:48.707+05:00  INFO 12224 --- [main] o.h.b.i.BytecodeProviderInitiator        : HHH000021: Bytecode provider name : bytebuddy
2023-08-28T14:12:49.424+05:00  INFO 12224 --- [main] o.h.e.t.j.p.i.JtaPlatformInitiator       : HHH000490: Using JtaPlatform implementation: [org.hibernate.engine.transaction.jta.platform.internal.NoJtaPlatform]
2023-08-28T14:12:49.428+05:00  INFO 12224 --- [main] j.LocalContainerEntityManagerFactoryBean : Initialized JPA EntityManagerFactory for persistence unit 'default'
2023-08-28T14:12:49.877+05:00  INFO 12224 --- [main] o.s.d.j.r.query.QueryEnhancerFactory     : Hibernate is in classpath; If applicable, HQL parser will be used.
2023-08-28T14:12:50.528+05:00  INFO 12224 --- [main] o.s.s.web.DefaultSecurityFilterChain     : Will secure any request with [org.springframework.security.web.session.DisableEncodeUrlFilter@2bcf856f, org.springframework.security.web.context.request.async.WebAsyncManagerIntegrationFilter@47bcaf67, org.springframework.security.web.context.SecurityContextHolderFilter@5967f0ff, org.springframework.security.web.header.HeaderWriterFilter@611c1f92, org.springframework.security.web.csrf.CsrfFilter@2662997a, org.springframework.security.web.authentication.logout.LogoutFilter@23d16a81, org.springframework.security.web.savedrequest.RequestCacheAwareFilter@5be521cd, org.springframework.security.web.servletapi.SecurityContextHolderAwareRequestFilter@579071ef, org.springframework.security.web.authentication.AnonymousAuthenticationFilter@42a5bdaf, org.springframework.security.web.access.ExceptionTranslationFilter@56a3da69]
2023-08-28T14:12:50.713+05:00  INFO 12224 --- [main] o.s.b.a.w.s.WelcomePageHandlerMapping    : Adding welcome page: class path resource [static/index.html]
2023-08-28T14:12:51.274+05:00  WARN 12224 --- [main] o.s.s.c.a.web.builders.WebSecurity       : You are asking Spring Security to ignore Ant [pattern='/actuator', GET]. This is not recommended -- please use permitAll via HttpSecurity#authorizeHttpRequests instead.
2023-08-28T14:12:51.274+05:00  INFO 12224 --- [main] o.s.s.web.DefaultSecurityFilterChain     : Will not secure Ant [pattern='/actuator', GET]
2023-08-28T14:12:51.297+05:00  INFO 12224 --- [main] o.s.b.a.e.web.EndpointLinksResolver      : Exposing 1 endpoint(s) beneath base path '/actuator'
2023-08-28T14:12:51.409+05:00  INFO 12224 --- [main] o.s.b.w.embedded.tomcat.TomcatWebServer  : Tomcat started on port(s): 8080 (http) with context path ''
2023-08-28T14:12:51.448+05:00  INFO 12224 --- [main] c.springboot.mapping.MappingApplication  : Started MappingApplication in 9.341 seconds (process running for 9.796)
2023-08-28T14:12:59.900+05:00  INFO 12224 --- [http-nio-8080-exec-1] o.a.c.c.C.[Tomcat].[localhost].[/]       : Initializing Spring DispatcherServlet 'dispatcherServlet'
2023-08-28T14:12:59.901+05:00  INFO 12224 --- [http-nio-8080-exec-1] o.s.web.servlet.DispatcherServlet        : Initializing Servlet 'dispatcherServlet'
2023-08-28T14:12:59.903+05:00  INFO 12224 --- [http-nio-8080-exec-1] o.s.web.servlet.DispatcherServlet        : Completed initialization in 2 ms
2023-08-28T14:14:14.423+05:00  INFO 12224 --- [SpringApplicationShutdownHook] j.LocalContainerEntityManagerFactoryBean : Closing JPA EntityManagerFactory for persistence unit 'default'
2023-08-28T14:14:14.426+05:00  INFO 12224 --- [SpringApplicationShutdownHook] com.zaxxer.hikari.HikariDataSource       : HikariPool-1 - Shutdown initiated...
2023-08-28T14:14:14.429+05:00  INFO 12224 --- [SpringApplicationShutdownHook] com.zaxxer.hikari.HikariDataSource       : HikariPool-1 - Shutdown completed.
2023-08-28T14:14:16.933+05:00  INFO 7428 --- [main] c.springboot.mapping.MappingApplication  : Starting MappingApplication using Java 17.0.8 with PID 7428 (C:\Users\sami.ahmad\Downloads\workspaces\mapping\target\classes started by sami.ahmad in C:\Users\sami.ahmad\Downloads\workspaces\mapping)
2023-08-28T14:14:16.935+05:00 DEBUG 7428 --- [main] c.springboot.mapping.MappingApplication  : Running with Spring Boot v3.1.2, Spring v6.0.11
2023-08-28T14:14:16.936+05:00  INFO 7428 --- [main] c.springboot.mapping.MappingApplication  : No active profile set, falling back to 1 default profile: "default"
2023-08-28T14:14:18.169+05:00  INFO 7428 --- [main] .s.d.r.c.RepositoryConfigurationDelegate : Bootstrapping Spring Data JPA repositories in DEFAULT mode.
2023-08-28T14:14:18.240+05:00  INFO 7428 --- [main] .s.d.r.c.RepositoryConfigurationDelegate : Finished Spring Data repository scanning in 59 ms. Found 2 JPA repository interfaces.
2023-08-28T14:14:19.030+05:00  INFO 7428 --- [main] o.s.b.w.embedded.tomcat.TomcatWebServer  : Tomcat initialized with port(s): 8080 (http)
2023-08-28T14:14:19.040+05:00  INFO 7428 --- [main] o.apache.catalina.core.StandardService   : Starting service [Tomcat]
2023-08-28T14:14:19.041+05:00  INFO 7428 --- [main] o.apache.catalina.core.StandardEngine    : Starting Servlet engine: [Apache Tomcat/10.1.11]
2023-08-28T14:14:19.143+05:00  INFO 7428 --- [main] o.a.c.c.C.[Tomcat].[localhost].[/]       : Initializing Spring embedded WebApplicationContext
2023-08-28T14:14:19.144+05:00  INFO 7428 --- [main] w.s.c.ServletWebServerApplicationContext : Root WebApplicationContext: initialization completed in 2156 ms
2023-08-28T14:14:19.286+05:00  INFO 7428 --- [main] com.zaxxer.hikari.HikariDataSource       : HikariPool-1 - Starting...
2023-08-28T14:14:19.497+05:00  INFO 7428 --- [main] com.zaxxer.hikari.pool.HikariPool        : HikariPool-1 - Added connection conn0: url=jdbc:h2:mem:testDB user=SA
2023-08-28T14:14:19.499+05:00  INFO 7428 --- [main] com.zaxxer.hikari.HikariDataSource       : HikariPool-1 - Start completed.
2023-08-28T14:14:19.512+05:00  INFO 7428 --- [main] o.s.b.a.h2.H2ConsoleAutoConfiguration    : H2 console available at '/h2-console'. Database available at 'jdbc:h2:mem:testDB'
2023-08-28T14:14:19.740+05:00  INFO 7428 --- [main] liquibase.database                       : Set default schema name to PUBLIC
2023-08-28T14:14:20.190+05:00  INFO 7428 --- [main] liquibase.executor                       : Changelog query completed.
2023-08-28T14:14:20.194+05:00  INFO 7428 --- [main] liquibase.executor                       : Changelog query completed.
2023-08-28T14:14:20.198+05:00  INFO 7428 --- [main] liquibase.executor                       : Changelog query completed.
2023-08-28T14:14:20.201+05:00  INFO 7428 --- [main] liquibase.executor                       : Changelog query completed.
2023-08-28T14:14:20.206+05:00  INFO 7428 --- [main] liquibase.executor                       : Changelog query completed.
2023-08-28T14:14:20.207+05:00  INFO 7428 --- [main] liquibase.lockservice                    : Successfully acquired change log lock
2023-08-28T14:14:20.221+05:00  INFO 7428 --- [main] liquibase.changelog                      : Creating database history table with name: PUBLIC.DATABASECHANGELOG
2023-08-28T14:14:20.225+05:00  INFO 7428 --- [main] liquibase.executor                       : Changelog query completed.
2023-08-28T14:14:20.226+05:00  INFO 7428 --- [main] liquibase.changelog                      : Reading from PUBLIC.DATABASECHANGELOG
2023-08-28T14:14:20.229+05:00  INFO 7428 --- [main] liquibase.executor                       : Changelog query completed.
2023-08-28T14:14:20.230+05:00  INFO 7428 --- [main] liquibase.executor                       : Changelog query completed.
2023-08-28T14:14:20.284+05:00  INFO 7428 --- [main] liquibase.changelog                      : Table teacher created
2023-08-28T14:14:20.286+05:00  INFO 7428 --- [main] liquibase.changelog                      : Primary key added to teacher (id)
2023-08-28T14:14:20.286+05:00  INFO 7428 --- [main] liquibase.changelog                      : ChangeSet db/changelog/db.changelog-schema-0.0.1.yaml::schema-0.0.1::teacher team ran successfully in 5ms
2023-08-28T14:14:20.290+05:00  INFO 7428 --- [main] liquibase.executor                       : Changelog query completed.
2023-08-28T14:14:20.291+05:00  INFO 7428 --- [main] liquibase.executor                       : Changelog query completed.
2023-08-28T14:14:20.295+05:00  INFO 7428 --- [main] liquibase.changelog                      : New row inserted into teacher
2023-08-28T14:14:20.296+05:00  INFO 7428 --- [main] liquibase.changelog                      : New row inserted into teacher
2023-08-28T14:14:20.298+05:00  INFO 7428 --- [main] liquibase.changelog                      : New row inserted into teacher
2023-08-28T14:14:20.298+05:00  INFO 7428 --- [main] liquibase.changelog                      : ChangeSet db/changelog/db.changelog-data-0.0.1.yaml::data-0.0.1::teacher team ran successfully in 4ms
2023-08-28T14:14:20.300+05:00  INFO 7428 --- [main] liquibase.executor                       : Changelog query completed.
2023-08-28T14:14:20.305+05:00  INFO 7428 --- [main] liquibase.changelog                      : Table users created
2023-08-28T14:14:20.306+05:00  INFO 7428 --- [main] liquibase.changelog                      : Primary key added to users (id)
2023-08-28T14:14:20.310+05:00  INFO 7428 --- [main] liquibase.changelog                      : Unique constraint added to users(user_name)
2023-08-28T14:14:20.311+05:00  INFO 7428 --- [main] liquibase.changelog                      : ChangeSet db/changelog/db.changelog-schema-0.0.2.yaml::schema-0.0.2::teacher team ran successfully in 9ms
2023-08-28T14:14:20.312+05:00  INFO 7428 --- [main] liquibase.executor                       : Changelog query completed.
2023-08-28T14:14:20.315+05:00  INFO 7428 --- [main] liquibase.changelog                      : New row inserted into users
2023-08-28T14:14:20.317+05:00  INFO 7428 --- [main] liquibase.changelog                      : New row inserted into users
2023-08-28T14:14:20.317+05:00  INFO 7428 --- [main] liquibase.changelog                      : ChangeSet db/changelog/db.changelog-data-0.0.2.yaml::data-0.0.2::news team ran successfully in 4ms
2023-08-28T14:14:20.319+05:00  INFO 7428 --- [main] liquibase.executor                       : Changelog query completed.
2023-08-28T14:14:20.320+05:00  INFO 7428 --- [main] liquibase                                : Update command completed successfully.
2023-08-28T14:14:20.322+05:00  INFO 7428 --- [main] liquibase.executor                       : Changelog query completed.
2023-08-28T14:14:20.322+05:00  INFO 7428 --- [main] liquibase.lockservice                    : Successfully released change log lock
2023-08-28T14:14:20.433+05:00  INFO 7428 --- [main] o.hibernate.jpa.internal.util.LogHelper  : HHH000204: Processing PersistenceUnitInfo [name: default]
2023-08-28T14:14:20.531+05:00  INFO 7428 --- [main] org.hibernate.Version                    : HHH000412: Hibernate ORM core version 6.2.6.Final
2023-08-28T14:14:20.533+05:00  INFO 7428 --- [main] org.hibernate.cfg.Environment            : HHH000406: Using bytecode reflection optimizer
2023-08-28T14:14:20.710+05:00  INFO 7428 --- [main] o.h.b.i.BytecodeProviderInitiator        : HHH000021: Bytecode provider name : bytebuddy
2023-08-28T14:14:20.867+05:00  INFO 7428 --- [main] o.s.o.j.p.SpringPersistenceUnitInfo      : No LoadTimeWeaver setup: ignoring JPA class transformer
2023-08-28T14:14:21.121+05:00  INFO 7428 --- [main] o.h.b.i.BytecodeProviderInitiator        : HHH000021: Bytecode provider name : bytebuddy
2023-08-28T14:14:21.802+05:00  INFO 7428 --- [main] o.h.e.t.j.p.i.JtaPlatformInitiator       : HHH000490: Using JtaPlatform implementation: [org.hibernate.engine.transaction.jta.platform.internal.NoJtaPlatform]
2023-08-28T14:14:21.806+05:00  INFO 7428 --- [main] j.LocalContainerEntityManagerFactoryBean : Initialized JPA EntityManagerFactory for persistence unit 'default'
2023-08-28T14:14:22.186+05:00  INFO 7428 --- [main] o.s.d.j.r.query.QueryEnhancerFactory     : Hibernate is in classpath; If applicable, HQL parser will be used.
2023-08-28T14:14:22.796+05:00  INFO 7428 --- [main] o.s.s.web.DefaultSecurityFilterChain     : Will secure any request with [org.springframework.security.web.session.DisableEncodeUrlFilter@7f3616d2, org.springframework.security.web.context.request.async.WebAsyncManagerIntegrationFilter@7e5c04a4, org.springframework.security.web.context.SecurityContextHolderFilter@75b05ec7, org.springframework.security.web.header.HeaderWriterFilter@65a42136, org.springframework.security.web.csrf.CsrfFilter@27476b5f, org.springframework.security.web.authentication.logout.LogoutFilter@32e9c8, org.springframework.security.web.savedrequest.RequestCacheAwareFilter@4e0dec0c, org.springframework.security.web.servletapi.SecurityContextHolderAwareRequestFilter@3dd4f91d, org.springframework.security.web.authentication.AnonymousAuthenticationFilter@6212dc7d, org.springframework.security.web.access.ExceptionTranslationFilter@2449dff5]
2023-08-28T14:14:22.963+05:00  INFO 7428 --- [main] o.s.b.a.w.s.WelcomePageHandlerMapping    : Adding welcome page: class path resource [static/index.html]
2023-08-28T14:14:23.458+05:00  WARN 7428 --- [main] o.s.s.c.a.web.builders.WebSecurity       : You are asking Spring Security to ignore Ant [pattern='/actuator', GET]. This is not recommended -- please use permitAll via HttpSecurity#authorizeHttpRequests instead.
2023-08-28T14:14:23.459+05:00  INFO 7428 --- [main] o.s.s.web.DefaultSecurityFilterChain     : Will not secure Ant [pattern='/actuator', GET]
2023-08-28T14:14:23.481+05:00  INFO 7428 --- [main] o.s.b.a.e.web.EndpointLinksResolver      : Exposing 14 endpoint(s) beneath base path '/actuator'
2023-08-28T14:14:23.579+05:00  INFO 7428 --- [main] o.s.b.w.embedded.tomcat.TomcatWebServer  : Tomcat started on port(s): 8080 (http) with context path ''
2023-08-28T14:14:23.596+05:00  INFO 7428 --- [main] c.springboot.mapping.MappingApplication  : Started MappingApplication in 7.305 seconds (process running for 7.726)
2023-08-28T14:14:27.823+05:00  INFO 7428 --- [http-nio-8080-exec-1] o.a.c.c.C.[Tomcat].[localhost].[/]       : Initializing Spring DispatcherServlet 'dispatcherServlet'
2023-08-28T14:14:27.823+05:00  INFO 7428 --- [http-nio-8080-exec-1] o.s.web.servlet.DispatcherServlet        : Initializing Servlet 'dispatcherServlet'
2023-08-28T14:14:27.825+05:00  INFO 7428 --- [http-nio-8080-exec-1] o.s.web.servlet.DispatcherServlet        : Completed initialization in 1 ms
